[   0.000000] Linux version 4.15.0-62-generic (buildd@lcy01-amd64-024) (gcc version 7.4.0 (Ubuntu 7.4.0-1ubuntu1~18.04.1)) #69-Ubuntu SMP Wed Sep 4 20:55:53 UTC 2019 (Ubuntu 4.15.0-62.69-generic 4.15.18)
[    0.000000] Command line: BOOT_IMAGE=/boot/vmlinuz-4.15.0-62-generic root=LABEL=cloudimg-rootfs ro console=tty1 console=ttyS0
[   0.000000] KERNEL supported cpus:
[   0.000000]   Intel GenuineIntel
[    0.000000]   AMD AuhenticAMD
[    0.000000]   Centaur CentaurHauls
[    0.000000] x86/fpu: Supporting XSAVE feature 0x001: 'x87 floating point registers'
[    0.000000] x86/fpu: Supporting XSAVE feature 0x002: 'SSE registers'
[    0.000000] x86/fpu: Supporting XSAVE feature 0x004: 'AVX registers'
[   0.000000] x86/fpu xstate_offset[2]:  576, xtae__sizes[2]:  256
[    0.000000] x86/fpu: Enabled xstate features 0x7, context size is 832 bytes, using 'standard' format.
[    0.000000] e820:BIOS-provided physical RAM map:
[   0.000000] BIOS-e820: [mem 0x0000000000000000-0x000000000009fbff] usable
[  0.000000] BIOS-e820: [mem 0x0000000000009fc00-0x000000000009ffff] reserved
[   0.00000] BIOS-e820: [mem 0x00000000000f0000-0x00000000000fffff] reserved
[    0.000000] BIOS-e820: [mem 0x0000000000100000-0x000000003ffeffff] usable
[    0.000000] BIOS-e820: [mem 0x000000003fff0000-00000000fffffff ACPI data
[    0.000000] BIOS-e820: [mem 0x00000000fec00000-0x00000000fec00fff] reserved
[    0.00000] BIOS-820: [mem 0x00000000fee00000-0x00000000fee00fff] reserved
[   0000000] BIOS-e820: [mem 0x00000000fffc0000-0x00000000ffffffff] reserved
[    0.000000] NX (Execute Disable) protection: active
[    0.000000] SMBIOS 2.5 present.
[    0.000000] DMI: innotek GmbH VirtualBox/VirtualBox, BIOS VirtualBox 12/01/2006
[    0.000000] Hypervisor detected: KVM
[   0.000000] e820: last_pfn = 0x3fff0 max_arch_pfn = 0x400000000
[    .000000] MTRR: Disabled
[    .000000] x86/PAT: MTRRs disabled, skipping PAT initialization too.
[    0.000000] CPU MTRRs all blnk -virtualized system.
[    0.000000] x86/PAT: Configuration [0-7]: WB  WT  UC- UC  WB  WT  UC- UC  
[   0.000000] found SMP MP-table at [mem 0x0009fff0-0x0009ffff]
[    0.000000] Scanning1 res forlow memory corruption
[    0.000000] RAMDISK: [mem 0x35a8b000-0x36d3cfff]
[   0.000000] ACPI: Early table checksum verification disabled
[    0.000000] ACPI: RSDP 0x00000000000E0000 000024 (v02 VBOX  )
[    0.000000] ACPI: XSDT 0x000000003FFF0030 00003C (v01 VBOX   VBOXXSDT 00000001 ASL  00000061)
[    0.000000] ACPI: FACP 0x00000003FFF00F00000F4 (v04 VBOX   VBOXFACP 00000001 AL  00000061)
[    0.00000] CP: DSDT 0x000000003FFF0470 0021FF (v02 VBOX   VVBOXBIS 0000002 INTL 20100528)
[   0.000000] ACPI: FACS 0x000000003FFF0200 000040
[    0.000000] ACPI: FACS 0x000000003FFF0200 000040
[    0.000000] ACPI: APIC 0x000000003FFF0240 00005C (v02 VBOX   VBOXAPIC 00000001 ASL  00000061)
[    0.000000] ACPI: SSDT 0x000000003FFF020 0001CC (v VBOX   VBOXCPUT 00000000 INTL 20100528)
[    0.000000] No NUMA configuration found
[    0.000000] Faking a node at [mem 0x0000000000000000-0x000000003ffeffff]
[    0.000000] NODE_DATA(0) allocated [mem 0x3ffc5000-0x3ffeffff]
[    0.000000] kvm-clock: cpu 0, msr 0:3ff44001, primary cpu clock
[    0.000000] kvm-clock: Using msrs 4b564d01 nd 4b564d00
[    0.000000] kvm-clock: using sched offset of 4299522070 cycles
[    0.000000] clocksource: kvm-clock: mask: 0xffffffffffffffff max_cycles: 0x1cd42e4dffb, max_idle_ns: 881590591483 ns
[    0.000000] Zone ranges:
[    0.000000]   DMA      [mem 0x0000000000001000-0x0000000000ffffff]
[    0.000000]   DMA32    [mem 0x0000000001000000-0x000000003ffeffff]
[    0.000000]   Normal   empty
[    0.000000]   Device  empty
[    0.000000] Movable zone start for each node
[    0.000000] Early memory node ranges
[    0.000000]   node   0: [mem 0x00000000000001000-0x000000000009efff]
[    0.000000]   node   0: [mem 0x0000000000100000-0x000000003ffeffff]
[    0.000000] Reserved but unavailable: 98 pages
[    0.000000] Initmem setup node 0 [mm 0x0000000000001000-0x000000003ffeffff]
[    0.000000] ACPI: PM-Timer IO Port: 0x4008
[    0.000000] IOAPIC[0]: apic_id 2, version 32, address 0xfec00000, GSI 0-23
[    0.000000] ACPI: INT_SRC_OVR (bus 0 bus_irq 0 global_irq 2 dfl dfl)
[    0.000000] ACPI: INT_SRC_OVR (bus 0 bus_irq 9 global_irq 9 low level)
[    0.000000] Using ACPI (MADT) for SMP configuration information
[    0.000000] smpboot: Allowing 2 CPUs, 0 hotplug CPUs
[    0.000000] PM: Registered nosave memory: [mem 0x00000000-0x00000fff]
[    0.000000] PM: Registered nosave memory: [mem 0x0009f000-0x0009ffff]
[    0.000000] PM: Registered nosave memory: [mem 0x000a0000-0x000effff]
[    0.000000] PM: Registered nosave memory: [mem 0x000f0000-0x000fffff]
[    0.000000] e820: [mem 0x40000000-0xfebfffff] available for PCI devices
[    0.000000] Booting paravirtualized kernel on KVM
[    0.000000] clocksource: refined-jiffies: mask: 0xffffffff max_cycles: 0xffffffff, max_idle_ns: 7645519600211568 ns
[    0.000000] random: get_random_bytes called from start_kernel+0x99/0x4fd with crng_init=0
[    0.000000] setup_percpu: NR_CPUS:8192 nr_cpumask_bits:2 nr_cpu_ids:2 nr_node_ids:1
[    0.000000] percpu: Embedded 46 pages/cpu s151552 r8192 d28672 u1048576
[    0.000000] PV qspinlock hash table entries: 256 (order: 0, 4096 bytes)
[    0.000000] Built 1 zonelists, mobility grouping on.  Total pages: 257913
[    0.000000] Policy zone: DMA32
[    0.000000] Kernel command line: BOOT_IMAGE=/boot/mlinuz-4.15.0-62-generic root=LABEL=cloudimg-rootfs ro console=tty1 console=ttyS0
[    0.000000] Memory: 983440K/1048120K available (12300K kernel code, 2481K rwdata, 4172K rodata, 2436K init, 2384K bss, 64680K reserved, 0K cma-reserved)
[    0.000000] SLUB: HWalign=64, Order=0-3, MinObjects=0, CPUs=2, Nodes=1
[    0.000000] Kernel/User page tables isolation: enabled
[    0.000000] ftrace: allocating 39306 entries in 154 pages
[  0.004000] Hierarchical RCU implementation.
[    0.004000] 	RCU restricting CPUs from NR_CPUS=8192 to nr_cpu_ids=2.
[    0.004000] 	Tasks RCU enabled.
[    0.004000] RCU: Adjusting geometry for rcu_fanout_leaf=16, nr_cpu_ids=2
[    0.004000] NR_IRQS: 524544, nr_irqs: 440, preallocated irqs: 16
[    0.004000] Console: colour VGA+ 80x25
[    0.004000] console [tty1] enabled
[    0.004000] console [ttyS0] enabled
[    0.004000] ACPI: Core revision 20170831
[    0.004000] ACPI: 2 ACPI AML tables successfully acquired and loaded
[    0.004000] APIC: Switch to symmetric I/O modesetup
[    0.004304] x2apic enabled
[    0.008006] Switched APIC routing to physical x2apic.
[    0.013253] ..TIMER: vector=0x30 apic1=0 pin1=2 apic2=-1 pin2=-1
[    0.016005] tsc: Detected 2494.316 MHz processor
[    0.020018] Calibrating delay loop (skipped) preset value.. 4988.63 BogoMIPS (lpj=9977264)
[    0.024004] pid_max: default: 32768 minimum: 301
[    0.028045] Security Framework initialized
[    0.029099] Yama: becoming mindful.
[    0.032050] AppArmor: AppArmor initialized
[    0.035406] Dentry cache hash table entries: 131072 (order: 8, 1048576 bytes)
[    0.036087] Inode-cache hash table entries: 65536 (order: 7, 524288 bytes)
[    0.040036] Mount-cache hash table entries: 2048 (order: 2, 16384 bytes)
[    0.044022] Mountpoint-cache hash table entries: 2048 (order: 2, 16384 bytes)
[    0.048301] Last level iTLB entries: 4KB 512, 2MB 8, 4MB 8
[    0.050120] Last level dTLB entries: 4KB 512, 2MB 32, 4MB 32, 1GB 0
[    0.052008] Spectre V1 : Mitigation: usercopy/swapgs barriers and __user pointer sanitization
[    0.056008] Spectre V2 : Mitigation: Full generic retpoline
[    0.060007] Spectre V2 : Spectre v2 / SpectreRSB mitigation: Filling RSB on context switch
[    0.064006] Speculative Store Bypass: Vulnerable
[    0.068067] MDS: Vulnerable: Clear CPU buffers attempted, no microcode
[    0.070293] Freeing SMP alternatives memory: 36K
[   0.076000] smpboot: CPU0: Intel(R) Core(TM) i5-3210M CPU @ 2.50GHz (family: 0x6, model: 0x3a, stepping: 0x9)
[    0.076124] Performance Events: unsupported p6 CPU model 58 no PMU driver, software events only.
[    0.080094] Hierarchical SRCU implementation.
[    0.084390] NMI watchdog: Perf event create on CPU 0 failed with -2
[    0.088003] NMI watchdog: Perf NMI watchdog permanently disabled
[    0.092106] smp: Bringing up secondary CPUs ...
[    0.096145] x86: Booting SMP configuration:
[    0.097230] .... node  #0, CPUs:      #1
[    0.004000] kvm-clock: cpu 1, msr 0:3ff44041, secondary cpu clock
[    0.103526] smp: Brought up 1 node, 2 CPUs
[    0.104009] smpboot: Max logical packages: 1
[    0.105105] smpboot: Total of 2 processors activated (9977.26 BogoMIPS)
[    0.108065] devtmpfs: initialized
[    0.112080] x86/mm: Memory block size: 128MB
[    0.116167] evm: security.selinux
[    0.117145] evm: security.SMACK64
[    0.118129] evm: security.SMACK64EXEC
[    0.120003] evm: security.SMACK64TRANSMUTE
[    0.124011] evm: security.SMACK64MMAP
[    0.128009] evm: security.apparmor
[    0.132011] evm: security.ima
[    0.136011] evm: security.capability
[    0.145511] clocksource: jiffies: mask: 0xffffffff max_cycles: 0xffffffff, max_idle_ns: 7645041785100000 ns
[    0.148030] futex hash table entries: 512 (order: 3, 32768 bytes)
[    0.154044] pinctrl core: initialized pinctrl subsystem
[    0.156217] RTC time:  2:03:17, date: 09/18/19
[    0.160323] NET: Registered protocol family 16
[    0.164111] audit: initializing netlink subsys (disabled)
[    0.165893] audit: type=2000 audit(1568772200.350:1): state=initialized audit_enabled=0 res=1
[    0.168011] cpuidle: using governor ladder
[    0.170029] cpuidle: using governor menu
[    0.172076] ACPI: bus type PCI registered
[    0.173387] acpiphp: ACPI Hot Plug PCI Controller Driver version: 0.5
[    0.176145] PCI: Using configuration type 1 for base access
[    0.177573] HugeTLB registered 2.00 MiB page size, pre-allocated 0 pages
[    0.180383] ACPI: Added _OSI(Module Device)
[    0.184006] ACPI: Added _OSI(Processor Device)
[    0.185297] ACPI: Added _OSI(3.0 _SCP Extensions)
[    0.186474] ACPI: Added _OSI(Processor Aggregator Device)
[    0.188004] ACPI: Added _OSI(Linux-Dell-Video)
[    0.189441] ACPI: Added _OSI(Linux-Lenovo-NV-HDMI-Audio)
[    0.191100] ACPI: Added _OSI(Linux-HPI-Hybrid-Graphics)
[    0.192452] ACPI: Executed 1 blocks of module-level executable AML code
[    0.200508] ACPI: Interpreter enabled
[    0.204034] ACPI: (supports S0 S5)
[    0.208006] ACPI: Using IOAPIC for interrupt routing
[    0.209602] PCI: Using host bridge windows from ACPI; if necessary, use "pci=nocrs" and report a bug
[    0.212236] ACPI: Enabled 2 GPEs in block 00 to 07
[    0.226090] ACPI: PCI Root Bridge [PCI0] (domain 0000 [bus 00-ff])
[    0.228023] acpi PNP0A03:00: _OSC: OS supports [ASPM ClockPM Segments MSI]
[    0.230405] acpi PNP0A03:00: _OSC: not requesting OS control; OS requires [ExtendedConfig ASPM ClockPM MSI]
[    0.232033] acpi PNP0A03:00: fail to add MMCONFIG information, can't access extended PCI configuration space under this bridge.
[    0.236576] PCI host bridge to bus 0000:00
[    0.240009] pci_bus 0000:00: root bus resource [io  0x0000-0x0cf7 window]
[    0.244015] pci_bus 0000:00: root bus resource [io  0x0d00-0xffff window]
[    0.248013] pci_bus 0000:00: root bus resource [mem 0x000a0000-0x000bffff window]
[    0.252015] pci_bus 0000:00: root bus resource [mem 0x40000000-0xfdffffff window]
[    0.256013] pci_bus 0000:00: root bus resource [bus 00-ff]
[    0.262552] pci 0000:00:01.1: legacy IDE quirk: reg 0x10: [io  0x01f0-0x01f7]
[    0.264013] pci 0000:00:01.1: legacy IDE quirk: reg 0x14: [io  0x03f6]
[    0.268007] pci 0000:00:01.1: legacy IDE quirk: reg 0x18: [io  0x0170-0x0177]
[    0.276007] pci 0000:00:01.1: legacy IDE quirk: reg 0x1c: [io  0x0376]
[    0.304546] pci 0000:00:07.0: quirk: [io  0x4000-0x403f] claimed by PIIX4 ACPI
[    0.308027] pci 0000:00:07.0: quirk: [io  0x4100-0x410f] claimed by PIIX4 SMB
[    0.323156] ACPI: PCI Interrupt Link [LNKA] (IRQs 5 9 10 *11)
[    0.324448] ACPI: PCI Interrupt Link [LNKB] (IRQs 5 9 *10 11)
[    0.328185] ACPI: PCI Interrupt Link [LNKC] (IRQs 5 *9 10 11)
[    0.332205] ACPI: PCI Interrupt Link [LNKD] (IRQs 5 9 10 *11)
[    0.336534] SCSI subsystem initialized
[    0.340148] pci 0000:00:02.0: vgaarb: setting as boot VGA device
[    0.344000] pci 0000:00:02.0: vgaarb: VGA device added: decodes=io+mem,owns=io+mem,locks=none
[    0.344016] pci 0000:00:02.0: vgaarb: bridge control possible
[    0.345626] vgaarb: loaded
[    0.346473] ACPI: bus type USB registered
[    0.348032] usbcore: registered new interface driver usbfs
[    0.352037] usbcore: registered new interface driver hub
[    0.354027] usbcore: registered new device driver usb
[    0.356102] EDAC MC: Ver: 3.0.0
[    0.357192] PCI: Using ACPI for IRQ routing
[    0.360347] NetLabel: Initializing
[    0.364009] NetLabel:  domain hash size = 128
[    0.365507] NetLabel:  protocols = UNLABELED CIPSOv4 CALIPSO
[    0.368036] NetLabel:  unlabeled traffic allowed by default
[    0.376108] clocksource: Switched to clocksource kvm-clock
[   .3980 VFS: Disk quotadquot_6.6.0
[    0.58398 VFS: Dquot-cache hash table entries: 512 (order 0, 4096 bytes)
[  0639793] AppArmor: AppArmor Filesystem Enabled
[  0722513] pnp: PnP ACPI init
[  0804005] pnp: PnP ACPI: found 3 devices

[    0.899865] clocksource: acpi_pm: mask: 0xffffff max_cycles: 0xffffff, max_idle_n 285701024 ns
[    0.982692] NET: Registered protocol family 2

[    0.986485] TCP established hash table entries: 8192 (order: 4, 65536 bytes)
[  0.988324] TCP bid hash table etrs: 192 (order: 5, 131072 bytes)
[    1.242790] TCP: Hash tables configured (established 8192 bind 8192)
[    1.244415] UDP hash table entries: 512 (order: 2, 16384 bytes)
[    1.245915] UDP-Lite hash table entries: 512 (order: 2, 16384 bytes)
[    1.247730] NET: Registered protocol family 1
[    1.249233] pci 0000:00:00.0: Limiting direct PCI/PCI transfers
[    1.251164] pci 0000:00:01.0: Activating ISA DMA hang workarounds
[    1.264272] pci 0000:00:02.0: Video device with shadowed ROM at [mem 0x000c0000-0x000dffff]
[    1.267393] Unpacking initramfs...
[    1.610238] Freeing initrd memory: 19144K
[    1.612740] clocksource: tsc: mask: 0xffffffffffffffff max_cycles: 0x23f4406cc0d, max_idle_ns: 440795293671 ns
[    1.626520] platform rtc_cmos: registered platform RTC device (no PNP device found)
[    1.628499] Scanning for low memory corruption every 60 seconds
[    1.643224] Initialise system trusted keyrings
[    1.644469] Key type blacklist registered
[    1.645621] workingset: timestamp_bits=36 max_order=18 bucket_order=0
[    1.648463] zbud: loaded
[    1.657352] squashfs: version 4.0 (2009/01/31) Phillip Lougher
[    1.670357] fuse init (API version 7.26)
[    1.676431] Key type asymmetric registered
[    1.677512] Asymmetric key parser 'x509' registered
[    1.678785] Block layer SCSI generic (bsg) driver version 0.4 loaded (major 246)
[    1.686692] io scheduler noop registered
[    1.687741] io scheduler deadline registered
[    1.697590] io scheduler cfq registered (default)
[    1.699861] ACPI: AC Adapter [AC] (on-line)
[    1.706973] input: Power Button as /devices/LNXSYSTM:00/LNXPWRBN:00/input/input0
[    1.720737] ACPI: Power Button [PWRF]
[    1.725032] input: Sleep Button as /devices/LNXSYSTM:00/LNXSLPBN:00/input/input1
[    1.733261] ACPI: Sleep Button [SLPF]
[    1.736386] Serial: 8250/16550 driver, 32 ports, IRQ sharing enabled
[    1.736622] ACPI: Battery Slot [BAT0] (battery present)
[    1.788426] 00:02: ttyS0 at I/O 0x3f8 (irq = 4, base_baud = 115200) is a 16550A
[    1.803049] Linux agpgart interface v0.103
[    1.806261] loop: module loaded
[    1.807935] scsi host0: ata_piix
[    1.809034] scsi host1: ata_piix
[    1.810375] ata1: PATA max UDMA/33 cmd 0x1f0 ctl 0x3f6 bmdma 0xd000 irq 14
[    1.812578] ata2: PATA max UDMA/33 cmd 0x170 ctl 0x376 bmdma 0xd008 irq 15
[    1.814688] libphy: Fixed MDIO Bus: probed
[    1.830236] tun: Universal TUN/TAP device driver, 1.6
[    1.865409] PPP generic driver version 2.4.2
[    1.867143] ehci_hcd: USB 2.0 'Enhanced' Host Controller (EHCI) Driver
[    1.880261] ehci-pci: EHCI PCI platform driver
[    1.887069] ehci-platform: EHCI generic platform driver
[    1.909272] ohci_hcd: USB 1.1 'Open' Host Controller (OHCI) Driver
[    1.911683] ohci-pci: OHCI PCI platform driver
[    1.917645] ohci-platform: OHCI generic platform driver
[    1.930663] uhci_hcd: USB Universal Host Controller Interface driver
[    1.932981] i8042: PNP: PS/2 Controller [PNP0303:PS2K,PNP0f03:PS2M] at 0x60,0x64 irq 1,12
[    1.955746] serio: i8042 KBD port at 0x60,0x64 irq 1
[    1.962735] serio: i8042 AUX port at 0x60,0x64 irq 12
[    1.964338] mousedev: PS/2 mouse device common for all mice
[    1.967242] input: AT Translated Set 2 keyboard as /devices/platform/i8042/serio0/input/input2
[    1.972480] rtc_cmos rtc_cmos: rtc core: registered rtc_cmos as rtc0
[    1.989064] rtc_cmos rtc_cmos: alarms up to one day, 114 bytes nvram
[    2.004107] i2c /dev entries driver
[    2.005237] device-mapper: uevent: version 1.0.3
[    2.006561] device-mapper: ioctl: 4.37.0-ioctl (2017-09-20) initialised: dm-devel@redhat.com
[    2.008769] ledtrig-cpu: registered to indicate activity on CPUs
[    2.010958] NET: Registered protocol family 10
[    2.038142] Segment Routing with IPv6
[    2.039195] NET: Registered protocol family 17
[    2.040509] Key type dns_resolver registered
[    2.047633] mce: Using 0 MCE banks
[    2.048968] RAS: Correctable Errors collector initialized.
[    2.050909] sched_clock: Marking stable (2048938115, 0)->(5482446760, -3433508645)
[    2.060215] registered taskstats version 1
[    2.078029] Loading compiled-in X.509 certificates
[    2.083152] Loaded X.509 cert 'Build time autogenerated kernel key: ff1b14b29a8b0fad041e56b58c2af39eda0766ce'
[    2.114011] zswap: loaded using pool lzo/zbud
[    2.120711] Key type big_key registered
[    2.121936] Key type trusted registered
[    2.124965] Key type encrypted registered
[    2.126032] AppArmor: AppArmor sha1 policy hashing enabled
[    2.134005] ima: No TPM chip found, activating TPM-bypass! (rc=-19)
[    2.135866] ima: Allocated hash algorithm: sha1
[    2.142107] evm: HMAC attrs: 0x1
[    2.143301]   Magic number: 3:94:56
[    2.159929] input mice: hash matches
[    2.161128] rtc_cmos rtc_cmos: setting system clock to 2019-09-18 02:03:19 UTC (1568772199)
[    2.163511] BIOS EDD facility v0.16 2004-Jun-25, 0 devices found
[    2.172971] EDD information not available.
[    2.176711] Freeing unused kernel image memory: 2436K
[    2.208827] Write protecting the kernel read-only data: 20480k
[    2.213635] Freeing unused kernel image memory: 2008K
[    2.215816] Freeing unused kernel image memory: 1972K
[    2.273875] x86/mm: Checked W+X mappings: passed, no W+X pages found.
[    2.391195] x86/mm: Checking user space page tables
[    2.426763] x86/mm: Checked W+X mappings: passed, no W+X pages found.
Loading, please wait...
starting version 237
[    2.619140] e1000: Intel(R) PRO/1000 Network Driver - version 7.3.21-k8-NAPI
[    2.638960] e1000: Copyright (c) 1999-2006 Intel Corporation.
[    2.658981] Fusion MPT base driver 3.04.20
[    2.666618] Copyright (c) 1999-2008 LSI Corporation
[    2.678430] AVX version of gcm_enc/dec engaged.
[    2.687999] AES CTR mode by8 optimization enabled
[    2.694673] Fusion MPT SPI Host driver 3.04.20
[    2.808109] input: ImExPS/2 Generic Explorer Mouse as /devices/platform/i8042/serio1/input/input4
[    3.131297] e1000 0000:00:03.0 eth0: (PCI:33MHz:32-bit) 02:b7:5c:02:92:a2
[    3.140916] e1000 0000:00:03.0 eth0: Intel(R) PRO/1000 Network Connection
[    3.145126] mptbase: ioc0: Initiating bringup
[    3.145435] e1000 0000:00:03.0 enp0s3: renamed from eth0
[    3.547257] ioc0: LSI53C1030 A0: Capabilities={Initiator}
[    4.578071] scsi host2: ioc0: LSI53C1030 A0, FwRev=00000000h, Ports=1, MaxQ=256, IRQ=20
[    5.321596] scsi 2:0:0:0: Direct-Access     VBOX     HARDDISK         1.0  PQ: 0 ANSI: 5
[    5.364884] scsi target2:0:0: Beginning Domain Validation
[    5.376211] scsi target2:0:0: Domain Validation skipping write tests
[    5.378246] scsi target2:0:0: Ending Domain Validation
[    5.393221] scsi target2:0:0: asynchronous
[    5.395743] scsi 2:0:1:0: Direct-Access     VBOX     HARDDISK         1.0  PQ: 0 ANSI: 5
[    5.428605] scsi target2:0:1: Beginning Domain Validation
[    5.431684] random: fast init done
[    5.440784] scsi target2:0:1: Domain Validation skipping write tests
[    5.442873] scsi target2:0:1: Ending Domain Validation
[    5.444771] scsi target2:0:1: asynchronous
[    5.458727] random: systemd-udevd: uninitialized urandom read (16 bytes read)
[    5.462965] random: systemd-udevd: uninitialized urandom read (16 bytes read)
[    5.468414] random: systemd-udevd: uninitialized urandom read (16 bytes read)
[    5.468983] sd 2:0:0:0: [sda] 20971520 512-byte logical blocks: (10.7 GB/10.0 GiB)
[    5.493486] sd 2:0:0:0: Attached scsi generic sg0 type 0
[    5.496772] sd 2:0:0:0: [sda] Write Protect is off
[    5.507543] sd 2:0:1:0: Attached scsi generic sg1 type 0
[    5.507705] sd 2:0:0:0: [sda] Incomplete mode parameter data
[    5.511589] sd 2:0:0:0: [sda] Assuming drive cache: write through
[    5.511625] sd 2:0:1:0: [sdb] 20480 512-byte logical blocks: (10.5 MB/10.0 MiB)
[    5.545593] sd 2:0:1:0: [sdb] Write Protect is off
[    5.547001]  sda: sda1
[    5.568590] sd 2:0:1:0: [sdb] Incomplete mode parameter data
[    5.569733] sd 2:0:0:0: [sda] Attached SCSI disk
[    5.574090] sd 2:0:1:0: [sdb] Assuming drive cache: write through
[    5.591966] sd 2:0:1:0: [sdb] Attached SCSI disk
Begin: Loading essential drivers ... [    7.172272] raid6: sse2x1   gen()  4806 MB/s
[    7.220293] raid6: sse2x1   xor()  4679 MB/s
[    7.268137] raid6: sse2x2   gen()  9182 MB/s
[    7.316400] raid6: sse2x2   xor()  6199 MB/s
[    7.364643] raid6: sse2x4   gen() 10048 MB/s
[    7.420487] raid6: sse2x4   xor()  7667 MB/s
[    7.423032] raid6: using algorithm sse2x4 gen() 10048 MB/s
[    7.434929] raid6: .... xor() 7667 MB/s, rmw enabled
[    7.442806] raid6: using ssse3x2 recovery algorithm
[    7.453140] xor: automatically using best checksumming function   avx       
[    7.462314] async_tx: api initialized (async)
done.
Begin: Running /scripts/init-premount ... done.
Begin: Mounting root file system ... Begin: Running /scripts/local-top ... done.
Begin: Running /scripts/local-premount ... [    7.530388] Btrfs loaded, crc32c=crc32c-intel
Scanning for Btrfs filesystems
done.
Warning: fsck not present, so skipping root file system
[    7.576823] EXT4-fs (sda1): mounted filesystem with ordered data mode. Opts: (null)
done.
Begin: Running /scripts/local-bottom ... done.
Begin: Running /scripts/init-bottom ... done.
[    7.761772] ip_tables: (C) 2000-2006 Netfilter Core Team
[    7.778574] systemd[1]: systemd 237 running in system mode. (+PAM +AUDIT +SELINUX +IMA +APPARMOR +SMACK +SYSVINIT +UTMP +LIBCRYPTSETUP +GCRYPT +GNUTLS +ACL +XZ +LZ4 +SECCOMP +BLKID +ELFUTILS +KMOD -IDN2 +IDN -PCRE2 default-hierarchy=hybrid)
[    7.788556] systemd[1]: Detected virtualization oracle.
[    7.790266] systemd[1]: Detected architecture x86-64.

Welcome to [1mUbuntu 18.04.3 LTS[0m!

[    7.810938] systemd[1]: Set hostname to <ubuntu-bionic>.
[    8.143752] systemd[1]: Created slice User and Session Slice.
[[0;32m  OK  [0m] Created slice User and Session Slice.
[    8.681678] systemd[1]: Reached target Swap.
[[0;32m  OK  [0m] Reached target Swap.
[    9.263819] systemd[1]: Started Forward Password Requests to Wall Directory Watch.
[[0;32m  OK  [0m] Started Forward Password Requests to Wall Directory Watch.
[    9.281484] systemd[1]: Reached target System Time Synchronized.
[[0;32m  OK  [0m] Reached target System Time Synchronized.
[    9.285371] systemd[1]: Reached target User and Group Name Lookups.
[[0;32m  OK  [0m] Reached target User and Group Name Lookups.
[    9.300500] systemd[1]: Created slice System Slice.
[[0;32m  OK  [0m] Created slice System Slice.
[[0;32m  OK  [0m] Listening on Journal Audit Socket.
[[0;32m  OK  [0m] Listening on LVM2 metadata daemon socket.
[[0;32m  OK  [0m] Listening on LVM2 poll daemon socket.
[[0;32m  OK  [0m] Listening on Network Service Netlink Socket.
[[0;32m  OK  [0m] Listening on Journal Socket.
         Mounting POSIX Message Queue File System...
         Starting Set the console keyboard layout...
[[0;32m  OK  [0m] Listening on Syslog Socket.
[[0;32m  OK  [0m] Listening on udev Control Socket.
         Starting Uncomplicated firewall...
         Starting Create list of required st…ce nodes for the current kernel...
         Mounting Kernel Debug File System...
[[0;32m  OK  [0m] Listening on /dev/initctl Compatibility Named Pipe.
[[0;32m  OK  [0m] Listening on udev Kernel Socket.
         Starting udev Coldplug all Devices...
         Starting Load Kernel Modules...
[    9.490930] Loading iSCSI transport class v2.0-870.
[[0;32m  OK  [[    9.502395] iscsi: registered transport (tcp)
0m] Reached target Slices.
[[0;32m  OK  [0m] Listening on Journal Socket (/dev/log).
         Starting Journal Service...
         Starting Remount Root and Kernel File Systems...
[    9.565786] EXT4-fs (sda1): re-mounted. Opts: (null)
         Mounting Huge Pages File System...
[[0;32m  OK  [0m] Listening on Device-mapper event daemon FIFOs.
         Startin[    9.609812] iscsi: registered transport (iser)
g Monitoring of LVM2 mirrors…ng dmeventd or progress polling...
[[0;32m  OK  [0m] Set up automount Arbitrary Executab…rmats File System Automount Point.
[[0;32m  OK  [0m] Created slice system-serial\x2dgetty.slice.
[[0;32m  OK  [0m] Mounted POSIX Message Queue File System.
[[0;32m  OK  [0m] Started Journal Service.
[[0;32m  OK  [0m] Started Set the console keyboard layout.
[[0;32m  OK  [0m] Started Uncomplicated firewall.
[[0;32m  OK  [0m] Started Create list of required sta…vice nodes for the current kernel.
[[0;32m  OK  [0m] Mounted Kernel Debug File System.
[[0;32m  OK  [0m] Started Load Kernel Modules.
[[0;32m  OK  [0m] Started Remount Root and Kernel File Systems.
[[0;32m  OK  [0m] Mounted Huge Pages File System.
[[0;32m  OK  [0m] Started udev Coldplug all Devices.
[[0;32m  OK  [0m] Started LVM2 metadata daemon.
         Starting Load/Save Random Seed...
         Mounting FUSE Control File System...
         Starting Apply Kernel Variables...
         Mounting Kernel Configuration File System...
         Starting Create Static Device Nodes in /dev...
         Starting Flush Journal to Persistent Storage...
[[0;32m  OK  [0m] Started Monitoring of LVM2 mirrors,…sing dmeventd or progress polling.
[[0;32m  OK  [0m] Started Load/Save Random Seed.
[[0;32m  OK  [0m] Mounted FUSE Control File System.
[[0;32m  OK  [0m] Started Apply Kernel Variables.
[[0;32m  OK  [0m] Mounted Kernel Configuration File System.
[[0;32m  OK  [0m] Started Create Static Device Nodes in /dev.
         Starting udev Kernel Device Manager...
[[0;32m  OK  [0m] Reached target Local File Systems (Pre).
[[0;32m  OK  [0m] Reached target Local File Systems.
         Starting Set console font and keymap...
         Starting Tell Plymouth To Write Out Runtime Data...
         Starting AppArmor initialization...
         Starting ebtables ruleset management...
[[0;32m  OK  [0m] Started udev Kernel Device Manager.
[[0;32m  OK  [0m] Started Dispatch Password Requests to Console Directory Watch.
[[0;32m  OK  [0m] Reached target Local Encrypted Volumes.
[[0;32m  OK  [0m] Started Set console font and keymap.
[[0;32m  OK  [0m] Started Tell Plymouth To Write Out Runtime Data.
[[0;32m  OK  [0m] Started Flush Journal to Persistent Storage.
         Starting Create Volatile Files and Directories...
[[0;32m  OK  [0m] Started Create Volatile Files and Directories.
         Starting Update UTMP about System Boot/Shutdown...
[[0;32m  OK  [0m] Started Update UTMP about System Boot/Shutdown.
[[0;32m  OK  [0m] Started ebtables ruleset management.
[[0;32m  OK  [0m] Found device /dev/ttyS0.
[[0;32m  OK  [0m] Started AppArmor initialization.
         Starting Initial cloud-init job (pre-networking)...
[[0;32m  OK  [0m] Listening on Load/Save RF Kill Switch Status /dev/rfkill Watch.
[   12.734497] cloud-init[509]: Cloud-init v. 19.2-24-ge7881d5c-0ubuntu1~18.04.1 running 'init-local' at Wed, 18 Sep 2019 02:03:29 +0000. Up 12.48 seconds.
[[0;32m  OK  [0m] Started Initial cloud-init job (pre-networking).
[[0;32m  OK  [0m] Reached target Network (Pre).
         Starting Network Service...
[[0;32m  OK  [0m] Started Network Service.
         Starting Network Name Resolution...
         Starting Wait for Network to be Configured...
[[0;32m  OK  [0m] Started Network Name Resolution.
[[0;32m  OK  [0m] Reached target Network.
[[0;32m  OK  [0m] Reached target Host and Network Name Lookups.
[[0;32m  OK  [0m] Started Wait for Network to be Configured.
         Starting Initial cloud-init job (metadata service crawler)...
[   15.591759] cloud-init[650]: Cloud-init v. 19.2-24-ge7881d5c-0ubuntu1~18.04.1 running 'init' at Wed, 18 Sep 2019 02:03:32 +0000. Up 15.23 seconds.
[   15.620616] cloud-init[650]: ci-info: ++++++++++++++++++++++++++++++++++++++Net device info++++++++++++++++++++++++++++++++++++++
[   15.641272] cloud-init[650]: ci-info: +--------+------+----------------------------+---------------+--------+-------------------+
[   15.659293] cloud-init[650]: ci-info: | Device |  Up  |          Address           |      Mask     | Scope  |     Hw-Address    |
[   15.667507] cloud-init[650]: ci-info: +--------+------+----------------------------+---------------+--------+-------------------+
[   15.680454] cloud-init[650]: ci-info: | enp0s3 | True |         10.0.2.15          | 255.255.255.0 | global | 02:b7:5c:02:92:a2 |
[   15.772854] cloud-init[650]: ci-info: | enp0s3 | True | fe80::b7:5cff:fe02:92a2/64 |       .       |  link  | 02:b7:5c:02:92:a2 |
[   15.948998] cloud-init[650]: ci-info: |   lo   | True |         127.0.0.1          |   255.0.0.0   |  host  |         .         |
[   15.957722] cloud-init[650]: ci-info: |   lo   | True |          ::1/128           |       .       |  host  |         .         |
[   15.984327] cloud-init[650]: ci-info: +--------+------+----------------------------+---------------+--------+-------------------+
[   15.995342] cloud-init[650]: ci-info: ++++++++++++++++++++++++++++Route IPv4 info+++++++++++++++++++++++++++++
[   16.000166] cloud-init[650]: ci-info: +-------+-------------+----------+-----------------+-----------+-------+
[   16.007948] cloud-init[650]: ci-info: | Route | Destination | Gateway  |     Genmask     | Interface | Flags |
[   16.015844] cloud-init[650]: ci-info: +-------+-------------+----------+-----------------+-----------+-------+
[   16.022350] cloud-init[650]: ci-info: |   0   |   0.0.0.0   | 10.0.2.2 |     0.0.0.0     |   enp0s3  |   UG  |
[   16.034547] cloud-init[650]: ci-info: |   1   |   10.0.2.0  | 0.0.0.0  |  255.255.255.0  |   enp0s3  |   U   |
[   16.045587] cloud-init[650]: ci-info: |   2   |   10.0.2.2  | 0.0.0.0  | 255.255.255.255 |   enp0s3  |   UH  |
[   16.050268] cloud-init[650]: ci-info: +-------+-------------+----------+-----------------+-----------+-------+
[   16.055827] cloud-init[650]: ci-info: +++++++++++++++++++Route IPv6 info+++++++++++++++++++
[   16.065990] cloud-init[650]: ci-info: +-------+-------------+---------+-----------+-------+
[   16.069814] cloud-init[650]: ci-info: | Route | Destination | Gateway | Interface | Flags |
[   16.073410] cloud-init[650]: ci-info: +-------+-------------+---------+-----------+-------+
[[0;32m  OK  [0m] Started Initial cloud-init job (metadata service crawler).
[   16.080338] cloud-init[650]: [[0;32m  OK  [0m] Reached target Network is Online.
ci-info: |   1   |  fe80::/64  |    ::   |   enp0s3  |   U   |
[   16.105676] cloud-init[650]: ci-info: |   3   |    local    |    ::   |   enp0s3  |   U   |
         Starting Availability of block devices...
[[0;32m  OK  [0m] Reached target Remote File Systems (Pre).
[   16.109953] cloud-init[650]: [ci-info: |   4   |   ff00::/8  |    ::   |   enp0s3  |   U   |[0;32m  OK  [0m
] Reached target Remote File Systems.
[[0;32m  OK  [0m] Reached target System Initialization.
         Starting Socket activation for snappy daemon.
[[0;32m  OK  [0m] Listening on ACPID Listen Socket.
[   16.163427] cloud-init[650]: ci-info: +-------+-------------+---------+-----------+-------+
[[0;32m  OK  [0m] Started Discard unused blocks once a week.
         Starting Docker Socket for the API.
[[0;32m  OK  [0m] Started ACPI Events Check.
[[0;32m  OK  [0m] Reached target Paths.
[[0;32m  OK  [0m] Listening on D-Bus System Message Bus Socket.
[[0;32m  OK  [0m] Listening on UUID daemon activation socket.
[[0;32m  OK  [0m] Listening on Open-iSCSI iscsid Socket.
         Starting LXD - unix socket.
[[0;32m  OK  [0m] Started Message of the Day.
[[0;32m  OK  [0m] Started Daily Cleanup of Temporary Directories.
[[0;32m  OK  [0m] Started Daily apt download activities.
[[0;32m  OK  [0m] Started Daily apt upgrade and clean activities.
[[0;32m  OK  [0m] Reached target Timers.
[[0;32m  OK  [0m] Reached target Cloud-config availability.
[[0;32m  OK  [0m] Started Availability of block devices.
[[0;32m  OK  [0m] Listening on Socket activation for snappy daemon.
[[0;32m  OK  [0m] Listening on Docker Socket for the API.
[[0;32m  OK  [0m] Listening on LXD - unix socket.
[[0;32m  OK  [0m] Reached target Sockets.
[[0;32m  OK  [0m] Reached target Basic System.
         Starting Login Service...
         Starting LSB: automatic crash report generation...
         Starting Dispatcher daemon for systemd-networkd...
         Starting Accounts Service...
[[0;32m  OK  [0m] Started irqbalance daemon.
         Starting Virtualbox guest utils...
         Starting containerd container runtime...
         Starting Permit User Sessions...
[[0;32m  OK  [0m] Started Deferred execution scheduler.
         Starting LSB: Record successful boot for GRUB...
         Starting OpenBSD Secure Shell server...
[[0;32m  OK  [0m] Started FUSE filesystem for LXC.
         Starting System Logging Service...
         Starting LXD - container startup/shutdown...
[[0;32m  OK  [0m] Started Regular background program processing daemon.
[[0;32m  OK  [0m] Started D-Bus System Message Bus.
         Starting Snappy daemon...
[[0;32m  OK  [0m] Started System Logging Service.
[[0;32m  OK  [0m] Started Dispatcher daemon for systemd-networkd.
[[0;32m  OK  [0m] Started containerd container runtime.
[[0;32m  OK  [0m] Started Permit User Sessions.
[[0;32m  OK  [0m] Started LXD - container startup/shutdown.
[[0;32m  OK  [0m] Started OpenBSD Secure Shell server.
[[0;32m  OK  [0m] Started Login Service.
         Starting Authorization Manager...
[[0;32m  OK  [0m] Started Unattended Upgrades Shutdown.
         Starting Hold until boot process finishes up...
         Starting Terminate Plymouth Boot Screen...
         Starting Docker Application Container Engine...
[[0;32m  OK  [0m] Started Hold until boot process finishes up.
[[0;32m  OK  [0m] Started Serial Getty on ttyS0.
         Starting Set console scheme...
[[0;32m  OK  [0m] Started Terminate Plymouth Boot Screen.
[[0;32m  OK  [0m] Started Set console scheme.
[[0;32m  OK  [0m] Created slice system-getty.slice.
[[0;32m  OK  [0m] Started Getty on tty1.
[[0;32m  OK  [0m] Reached target Login Prompts.
[[0;32m  OK  [0m] Started LSB: automatic crash report generation.
[[0;32m  OK  [0m] Started Authorization Manager.
[[0;32m  OK  [0m] Started LSB: Record successful boot for GRUB.
[[0;32m  OK  [0m] Started Accounts Service.
[[0;32m  OK  [0m] Started Virtualbox guest utils.
[[0;32m  OK  [0m] Created slice User Slice of vagrant.
         Starting User Manager for UID 1000...
[[0;32m  OK  [0m] Started Session 1 of user vagrant.
[[0;32m  OK  [0m] Started Snappy daemon.
         Starting Wait until snapd is fully seeded...
[[0;32m  OK  [0m] Started Wait until snapd is fully seeded.
         Starting Apply the settings specified in cloud-config...
[[0;32m  OK  [0m] Started User Manager for UID 1000.
[   19.987110] cloud-init[1086]: Cloud-init v. 19.2-24-ge7881d5c-0ubuntu1~18.04.1 running 'modules:config' at Wed, 18 Sep 2019 02:03:36 +0000. Up 19.65 seconds.
[[0;32m  OK  [0m] Started Apply the settings specified in cloud-config.
[[0;32m  OK  [0m] Started Docker Application Container Engine.
[[0;32m  OK  [0m] Reached target Multi-User System.
[[0;32m  OK  [0m] Reached target Graphical Interface.
         Starting Update UTMP about System Runlevel Changes...
         Starting Execute cloud user/final scripts...
[[0;32m  OK  [0m] Started Update UTMP about System Runlevel Changes.
[   22.203594] cloud-init[1428]: Cloud-init v. 19.2-24-ge7881d5c-0ubuntu1~18.04.1 running 'modules:final' at Wed, 18 Sep 2019 02:03:39 +0000. Up 21.94 seconds.
[   22.215150] cloud-init[1428]: Cloud-init v. 19.2-24-ge7881d5c-0ubuntu1~18.04.1 finished at Wed, 18 Sep 2019 02:03:39 +0000. Datasource DataSourceNoCloud [seed=/dev/sdb][dsmode=net].  Up 22.19 seconds
[[0;32m  OK  [0m] Started Execute cloud user/final scripts.
[[0;32m  OK  [0m] Reached target Cloud-init target.

Ubuntu 18.04.3 LTS ubuntu-bionic ttyS0

ubuntu-bionic login:          Stopping Sessionu         Stopping Getty on tty1...
[[0;32m  OK  [0m] Stopped Wait until snapd is fully seeded.
         Stopping Unattended Upgrades Shutdown...
         Stopping Virtualbox guest utils...
         Stopping Dispatcher daemon for systemd-networkd...
         Stopping OpenBSD Secure Shell server...
         Stopping LSB: automatic crash report generation...
         Stopping Docker Application Container Engine...
         Stopping irqbalance daemon...
         Stopping LSB: Record successful boot for GRUB...
[[0;32m  OK  [0m] Unmounted /var/lib/lxcfs.
[[0;32m  OK  [0m] Stopped Dispatcher daemon for systemd-networkd.
[[0;32m  OK  [0m] Stopped Accounts Service.
[[0;32m  OK  [0m] Stopped irqbalance daemon.
[[0;32m  OK  [0m] Stopped Deferred execution scheduler.
[[0;32m  OK  [0m] Stopped System Logging Service.
[[0;32m  OK  [0m] Stopped Regular background program processing daemon.
[[0;32m  OK  [0m] Stopped OpenBSD Secure Shell server.
[[0;32m  OK  [0m] Stopped Authorization Manager.
[[0;32m  OK  [0m] Stopped Unattended Upgrades Shutdown.
[[0;32m  OK  [0m] Stopped Docker Application Container Engine.
[[0;32m  OK  [0m] Stopped Serial Getty on ttyS0.
[[0;32m  OK  [0m] Stopped Getty on tty1.
[[0;32m  OK  [0m] Stopped User Manager for UID 1000.
[[0;32m  OK  [0m] Stopped Availability of block devices.
[[0;32m  OK  [0m] Stopped D-Bus System Message Bus.
[[0;32m  OK  [0m] Stopped FUSE filesystem for LXC.
[[0;32m  OK  [0m] Stopped Session 6 of user vagrant.
[[0;32m  OK  [0m] Stopped LXD - container startup/shutdown.
[[0;32m  OK  [0m] Stopped LSB: Record successful boot for GRUB.
[[0;32m  OK  [0m] Removed slice User Slice of vagrant.
[[0;32m  OK  [0m] Removed slice system-getty.slice.
[[0;32m  OK  [0m] Removed slice system-serial\x2dgetty.slice.
         Stopping Permit User Sessions...
[[0;32m  OK  [0m] Stopped target Network is Online.
         Stopping containerd container runtime...
         Stopping Login Service...
[[0;32m  OK  [0m] Stopped containerd container runtime.
[[0;32m  OK  [0m] Stopped Virtualbox guest utils.
[[0;32m  OK  [0m] Stopped LSB: automatic crash report generation.
[[0;32m  OK  [0m] Stopped Permit User Sessions.
[[0;32m  OK  [0m] Stopped Login Service.
[[0;32m  OK  [0m] Stopped target User and Group Name Lookups.
[[0;32m  OK  [0m] Stopped target Remote File Systems.
[[0;32m  OK  [0m] Stopped target Remote File Systems (Pre).
[[0;32m  OK  [0m] Stopped target Network.
         Stopping Network Name Resolution...
[[0;32m  OK  [0m] Stopped target Basic System.
[[0;32m  OK  [0m] Stopped target Paths.
[[0;32m  OK  [0m] Stopped ACPI Events Check.
[[0;32m  OK  [0m] Stopped target Sockets.
[[0;32m  OK  [0m] Closed D-Bus System Message Bus Socket.
[[0;32m  OK  [0m] Closed Docker Socket for the API.
[[0;32m  OK  [0m] Closed Open-iSCSI iscsid Socket.
[[0;32m  OK  [0m] Closed Socket activation for snappy daemon.
[[0;32m  OK  [0m] Closed Syslog Socket.
[[0;32m  OK  [0m] Closed ACPID Listen Socket.
[[0;32m  OK  [0m] Closed UUID daemon activation socket.
[[0;32m  OK  [0m] Closed LXD - unix socket.
[[0;32m  OK  [0m] Stopped target Slices.
[[0;32m  OK  [0m] Removed slice User and Session Slice.
[[0;32m  OK  [0m] Stopped target System Initialization.
         Stopping Load/Save Random Seed...
[[0;32m  OK  [0m] Stopped target Local Encrypted Volumes.
[[0;32m  OK  [0m] Stopped Dispatch Password Requests to Console Directory Watch.
[[0;32m  OK  [0m] Stopped Forward Password Requests to Wall Directory Watch.
         Stopping Update UTMP about System Boot/Shutdown...
[[0;32m  OK  [0m] Stopped Initial cloud-init job (metadata service crawler).
[[0;32m  OK  [0m] Stopped Wait for Network to be Configured.
[[0;32m  OK  [0m] Stopped Network Name Resolution.
[[0;32m  OK  [0m] Stopped Load/Save Random Seed.
         Stopping Network Service...
[[0;32m  OK  [0m] Stopped Update UTMP about System Boot/Shutdown.
[[0;32m  OK  [0m] Stopped Network Service.
[[0;32m  OK  [0m] Stopped target Network (Pre).
[[0;32m  OK  [0m] Stopped Initial cloud-init job (pre-networking).
[[0;32m  OK  [0m] Stopped Apply Kernel Variables.
[[0;32m  OK  [0m] Stopped Load Kernel Modules.
[[0;32m  OK  [0m] Stopped Create Volatile Files and Directories.
[[0;32m  OK  [0m] Stopped target Local File Systems.
         Unmounting /vagrant...
         Unmounting /run/user/1000...
[[0;32m  OK  [0m] Unmounted /vagrant.
[[0;32m  OK  [0m] Unmounted /run/user/1000.
[[0;32m  OK  [0m] Reached target Unmount All Filesystems.
[[0;32m  OK  [0m] Stopped target Swap.
[[0;32m  OK  [0m] Stopped target Local File Systems (Pre).
         Stopping Monitoring of LVM2 mirrors…ng dmeventd or progress polling...
[[0;32m  OK  [0m] Stopped Remount Root and Kernel File Systems.
[[0;32m  OK  [0m] Stopped Create Static Device Nodes in /dev.
[[0;32m  OK  [0m] Reached target Shutdown.
[[0;32m  OK  [0m] Reached target Final Step.
         Starting Power-Off...
[[0;32m  OK  [0m] Stopped Monitoring of LVM2 mirrors,…sing dmeventd or progress polling.
         Stopping LVM2 metadata daemon...
[[0;32m  OK  [0m] Stopped LVM2 metadata daemon.
[ 1635.258266] reboot: Power down
