[    0.000000] Initializing cgroup subsys cpuset
[    0.000000] Initializing cgroup subsys cpu
[    0.000000] Initializing cgroup subsys cpuacct
[    .00000] Linux version 4.4.0-161-generic (buildd@lcy01-amd64-018) (gcc version 5.4.0 20160609 (Ubuntu 5.4.0-6ubuntu1~16.04.10) ) #189-Ubuntu SMP Tue Aug 27 08:10:16 UTC 2019 (Ubuntu 4.4.0-161.189-generic 4.4.186)
[    0.000000] Command line: BOOT_IMAGE=/boot/vmlinuz-4.4.0-161-generic root=LABEL=cloudimg-rootfs ro console=tty1 console=ttyS0
[  0.000000] KERNEL supported cpus:
[    0.000000]   Intel GenuineIntel
[    0.000000]   AMD AuthenticAMD
[    0.000000]   Centaur CentaurHauls
[    0.000000] x86/fpu: xstate_offset[2]:  576, xstate_sizes[2]:  256
[    0.000000] x86/fpu: Supporting XSAVE feature 0x01: 'x87 floating point registers'
[    0.000000] x86/fpu: Supporting XSAVE feature 0x02: 'SSE registers'
[    0.000000] x86/fpu: Supporting XSAVE feature 0x04: 'AVX registers'
[    0.000000] x86/fpu: Enabled xstate features 0x7, context size is 832 bytes, using 'standard' format.
[   0.000000] e820: BIOS-provided physical RAM map:
[  0.000000] BIOS-e820: [mem 0x0000000000000000-0x00000000009fbff] usable
[    0.000000] BIOS-e820: [mem 0x000000000009fc00-0x000000000009ffff] reserved
[   .000000] BIOS-e820: [mem 0x00000000000f0000-0x00000000000fffff] reserved
[    0.000000] BIOS-e820: [mem 0x0000000000100000-0x000000003ffeffff] usable
[    0.000000] BIOS-e820: [mem 0x000000003fff0000-0x000000003fffffff] ACPI data
[    0.000000] BIOS-e820: [mem 0x00000000fec00000-0x00000000fec00fff] reserved
[    0.000000] BIOS-e820: [mem 0x00000000fee00000-0x00000000fee00fff] reserved
[    0.00000] BIS-820: [mem 0x00000000fffc0000-0x00000000ffffffff]reerved
[    0.000000] NX (Execute Disable) protection: active
[    0.000000] SMBIOS 2.5 present.
[    0.000000] Hypervisor detected: KVM
[    0.000000] e820:lat_pfn = 0x3fff0 max_arch_pfn = 0x400000000
[  000000] MTR: Disabled
[    0.000000] x86/PAT: MTRRs disabled, skipping PAT initialization too.
[    0.000000] CPU MTRRs all blank - virtualized system.
[   0.000000] x86/PAT: Configuration [0-7]: WB  WT  UC- UC  WB  WT  UC- UC  
[  0000000] found SMP MP-table at [mem 0x0009fff0-0x0009ffff] mapped at [ffff88000009fff0]
[    .00000] Scanning 1 areas for low memory corruption
[  0.00000] RAIS: [mem 0x362f8000-0x37173fff]
[  0000000] ACPI: Early table checksum verification disabled
[  0.000000] ACPI: RSDP 0x00000000000E0000 000024 (v02 VBOX  )
[    0.00000] ACPI: XSDT 0x000000003FFF0030 00003C (v01 VBOX   VBOXXSDT 00000001 ASL  00000061)
[    0.000000] ACPI: FACP 0x000000003FFF00F0 0000F4 (v04 VBOX   VBOXFACP 00000001 ASL  00000061)
[  0.000000] ACPI: DSDT 0x000000003FFF0470 0021FF (v02 VBOX   VBOXBIOS 00000002 INTL 20100528)
[    0.000000] ACPI: FACS 0x000000003FFF0200 000040
[    0.000000] ACPI: FACS 0x000000003FFF0200 000040
[    0.000000] ACPI: APIC 0x000000003FFF0240 00005C (v02 VBOX   VBOXAPIC 00000001 ASL  00000061)
[    0.000000] ACPI: SSDT 0x000000003FFF02A0 0001CC (v01 VBOX   VBOXCPUT 00000002 INTL 20100528)
[    0.000000] No NUMA configuration found
[    0.000000] Faking a node at [mem 0x0000000000000000-0x000000003ffeffff]
[    0.000000] NODE_DATA(0) allocated [mem 0x3ffeb000-0x3ffeffff]
[    0.000000] kvm-clock: Using msrs 4b564d01 and 4b564d00
[    0.000000] kvm-clock: cpu 0, msr 0:3ffe3001, primary cpu clock
[    0.000000] kvm-clock: using sched offset of 3589185581 cycles
[    0.000000] clocksource: kvm-clock: mask: 0xffffffffffffffff max_cycles: 0x1cd42e4dffb, max_idle_ns: 88159059483ns
[    .0000] one ranges:
[    0.000000]   DMA      [mem 0x0000000000001000-0x0000000000ffffff]
[    0.000000]   DMA32    [mem 0x0000000001000000-0x000000003ffeffff]
[    0.000000]   Normal   empty
[    0.000000]   Device   empty
[    0.000000] Movable zone start for each node
[    0.000000] Early memory node ranges
[    0.000000]   node   0: [mem 0x0000000000001000-0x000000000009efff]
[    0.000000]   node   0: [mem 0x0000000000100000-0x000000003ffeffff]
[    0.000000] Initmem setup node 0 [mem 0x0000000000001000-0x000000003ffeffff]
[    0.000000] ACPI: PM-Timer IO Port: 0x4008
[    0.000000] IOAPIC[0]: apic_id 2, version 32, address 0xfec00000, GSI 0-23
[    0.000000] ACPI: INT_SRC_OVR (bus 0 bus_irq 0 global_irq 2 dfl dfl)
[    0.000000] ACPI: INT_SRC_OVR (bus 0 bus_irq 9 global_irq 9 low level)
[    0.000000] Using ACPI (MADT) for SMP configuration information
[    0.000000] smpboot: Allowing 2 CPUs, 0 hotplug CPUs
[    0.000000] PM: Registered nosave memory: [mem 0x00000000-0x00000fff]
[    0.000000] PM: Registered nosave memory: [mem 0x0009f000-0x0009ffff]
[    0.000000] PM: Registered nosave memory: [mem 0x000a0000-0x000effff]
[    0.000000] PM: Registered nosave memory: [mem 0x000f0000-0x000fffff]
[    0.000000] e820: [mem 0x40000000-0xfebfffff] available for PCI devices
[    0.000000] Booting paravirtualized kernel on KVM
[    0.000000] clocksource: refined-jiffies: mask: 0xffffffff max_cycles: 0xffffffff, max_idle_ns: 7645519600211568 ns
[    0.000000] setup_percpu: NR_CPUS:512 nr_cpumask_bits:512 nr_cpu_ids:2 nr_node_ids:1
[    0.000000] PERCPU: Embedded 34 pages/cpu @ffff88003fc00000 s99544 r8192 d31528 u1048576
[    0.000000] Built 1 zonelists in Node order, mobility grouping on.  Total pages: 257912
[    0.000000] Policy zone: DMA32
[    0.000000] Kernel command line: BOOT_IMAGE=/boot/vmlinuz-4.4.0-161-generic root=LABEL=cloudimg-rootfs ro console=tty1 console=ttyS0
[    0.000000] PID hash table entries: 4096 (order: 3, 32768 bytes)
[    0.000000] Memory: 997724K/1048120K available (8622K kernel code, 1335K rwdata, 4032K rodata, 1488K init, 1284K bss, 50396K reserved, 0K cma-reserved)
[    0.000000] SLUB: HWalign=64, Order=0-3, MinObjects=0, CPUs=2, Nodes=1
[    0.000000] Kernel/User page tables isolation: enabled
[    0.000000] Hierarchical RCU implementation.
[    0.000000] 	Build-time adjustment of leaf fanout to 64.
[    0.000000] 	RCU restricting CPUs from NR_CPUS=512 to nr_cpu_ids=2.
[    0.000000] RCU: Adjusting geometry for rcu_fanout_leaf=64, nr_cpu_ids=2
[    0.000000] NR_IRQS:33024 nr_irqs:440 16
[    0.000000] Console: colour VGA+ 80x25
[    0.000000] console [tty1] enabled
[    0.000000] console [ttyS0] enabled
[    0.000000] tsc: Detected 2494.316 MHz processor
[    1.418700] Calibrating delay loop (skipped) preset value.. 4988.63 BogoMIPS (lpj=9977264)
[  1.421850] pid_max: default: 32768 minimum: 301
[    1.472902] ACPI: Core revision 20150930
[    1.480518] ACPI: 2 ACPI AML tables successfully acquired and loaded
[    1.492306] Security Framework initialized
[    1.493856] Yama: becoming mindful.
[    1.505425] AppArmor: AppArmor initialized
[    1.512262] Dentry cache hash table entries: 131072 (order: 8, 1048576 bytes)
[    1.527996] Inode-cache hash table entries: 65536 (order: 7, 524288 bytes)
[    1.530798] Mount-cache hash table entries: 2048 (order: 2, 16384 bytes)
[    1.533049] Mountpoint-cache hash table entries: 2048 (order: 2, 16384 bytes)
[    1.535341] Initializing cgroup subsys io
[    1.543304] Initializing cgroup subsys memory
[    1.550368] Initializing cgroup subsys devices
[    1.565060] Initializing cgroup subsys freezer
[    1.584976] Initializing cgroup subsys net_cls
[    1.592439] Initializing cgroup subsys perf_event
[    1.594237] Initializing cgroup subsys net_prio
[    1.595598] Initializing cgroup subsys hugetlb
[    1.596908] Initializing cgroup subsys pids
[    1.598786] mce: CPU supports 0 MCE banks
[    1.605672] Last level iTLB entries: 4KB 512, 2MB 8, 4MB 8
[    1.613078] Last level dTLB entries: 4KB 512, 2MB 32, 4MB 32, 1GB 0
[    1.620935] Spectre V1 : Mitigation: usercopy/swapgs barriers and __user pointer sanitization
[    1.642882] Spectre V2 : Mitigation: Full generic retpoline
[    1.650431] Spectre V2 : Spectre v2 / SpectreRSB mitigation: Filling RSB on context switch
[    1.659599] Speculative Store Bypass: Vulnerable
[    1.667278] MDS: Vulnerable: Clear CPU buffers attempted, no microcode
[    1.686437] Freeing SMP alternatives memory: 36K
[    1.700932] ftrace: allocating 32318 entries in 127 pages
[    1.772552] smpboot: APIC(0) Converting physical 0 to logical package 0
[    1.778299] smpboot: Max logical packages: 1
[    1.785464] x2apic enabled
[    1.787577] Switched APIC routing to physical x2apic.
[    1.790632] ..TIMER: vector=0x30 apic1=0 pin1=2 apic2=-1 pin2=-1
[    1.914376] smpboot: CPU0: Intel(R) Core(TM) i5-3210M CPU @ 2.50GHz (family: 0x6, model: 0x3a, stepping: 0x9)
[    1.930936] Performance Events: unsupported p6 CPU model 58 no PMU driver, software events only.
[    1.959899] KVM setup paravirtual spinlock
[    1.967533] x86: Booting SMP configuration:
[    1.975516] .... node  #0, CPUs:      #1
[    1.987396] kvm-clock: cpu 1, msr 0:3ffe3041, secondary cpu clock
[    1.989101] mce: CPU supports 0 MCE banks
[    1.992370] x86: Booted up 1 node, 2 CPUs
[    1.993891] smpboot: Total of 2 processors activated (9977.26 BogoMIPS)
[    2.002902] devtmpfs: initialized
[    2.005723] evm: security.selinux
[    2.017830] evm: security.SMACK64
[    2.024419] evm: security.SMACK64EXEC
[    2.027975] evm: security.SMACK64TRANSMUTE
[    2.029223] evm: security.SMACK64MMAP
[    2.036079] evm: security.ima
[    2.037113] evm: security.capability
[    2.038482] clocksource: jiffies: mask: 0xffffffff max_cycles: 0xffffffff, max_idle_ns: 7645041785100000 ns
[    2.041270] futex hash table entries: 512 (order: 3, 32768 bytes)
[    2.048759] pinctrl core: initialized pinctrl subsystem
[    2.055825] RTC time: 15:40:40, date: 09/22/19
[    2.062816] NET: Registered protocol family 16
[    2.078755] cpuidle: using governor ladder
[    2.094769] cpuidle: using governor menu
[    2.103617] PCCT header not found.
[    2.104887] ACPI: bus type PCI registered
[    2.113853] acpiphp: ACPI Hot Plug PCI Controller Driver version: 0.5
[    2.121389] PCI: Using configuration type 1 for base access
[    2.139762] ACPI: Added _OSI(Module Device)
[    2.141105] ACPI: Added _OSI(Processor Device)
[    2.142423] ACPI: Added _OSI(3.0 _SCP Extensions)
[    2.143809] ACPI: Added _OSI(Processor Aggregator Device)
[    2.151693] ACPI: Executed 1 blocks of module-level executable AML code
[    2.165028] ACPI: Interpreter enabled
[    2.166574] ACPI: (supports S0 S5)
[    2.173681] ACPI: Using IOAPIC for interrupt routing
[    2.176256] PCI: Using host bridge windows from ACPI; if necessary, use "pci=nocrs" and report a bug
[    2.197783] ACPI: PCI Root Bridge [PCI0] (domain 0000 [bus 00-ff])
[    2.208121] acpi PNP0A03:00: _OSC: OS supports [ASPM ClockPM Segments MSI]
[    2.215837] acpi PNP0A03:00: _OSC: not requesting OS control; OS requires [ExtendedConfig ASPM ClockPM MSI]
[    2.224153] acpi PNP0A03:00: fail to add MMCONFIG information, can't access extended PCI configuration space under this bridge.
[    2.234485] PCI host bridge to bus 0000:00
[    2.243230] pci_bus 0000:00: root bus resource [io  0x0000-0x0cf7 window]
[    2.252005] pci_bus 0000:00: root bus resource [io  0x0d00-0xffff window]
[    2.259415] pci_bus 0000:00: root bus resource [mem 0x000a0000-0x000bffff window]
[    2.267866] pci_bus 0000:00: root bus resource [mem 0x40000000-0xfdffffff window]
[    2.270778] pci_bus 0000:00: root bus resource [bus 00-ff]
[    2.286624] pci 0000:00:01.1: legacy IDE quirk: reg 0x10: [io  0x01f0-0x01f7]
[    2.295202] pci 0000:00:01.1: legacy IDE quirk: reg 0x14: [io  0x03f6]
[    2.300443] pci 0000:00:01.1: legacy IDE quirk: reg 0x18: [io  0x0170-0x0177]
[    2.327314] pci 0000:00:01.1: legacy IDE quirk: reg 0x1c: [io  0x0376]
[    2.456361] pci 0000:00:07.0: quirk: [io  0x4000-0x403f] claimed by PIIX4 ACPI
[    2.459097] pci 0000:00:07.0: quirk: [io  0x4100-0x410f] claimed by PIIX4 SMB
[    2.478431] ACPI: PCI Interrupt Link [LNKA] (IRQs 5 9 10 *11)
[    2.492949] ACPI: PCI Interrupt Link [LNKB] (IRQs 5 9 *10 11)
[    2.502892] ACPI: PCI Interrupt Link [LNKC] (IRQs 5 *9 10 11)
[    2.505290] ACPI: PCI Interrupt Link [LNKD] (IRQs 5 9 10 *11)
[    2.507987] ACPI: Enabled 2 GPEs in block 00 to 07
[    2.512227] vgaarb: setting as boot device: PCI:0000:00:02.0
[    2.514145] vgaarb: device added: PCI:0000:00:02.0,decodes=io+mem,owns=io+mem,locks=none
[    2.524616] vgaarb: loaded
[    2.532278] vgaarb: bridge control possible 0000:00:02.0
[    2.551349] SCSI subsystem initialized
[    2.553237] ACPI: bus type USB registered
[    2.556520] usbcore: registered new interface driver usbfs
[    2.558898] usbcore: registered new interface driver hub
[    2.562306] usbcore: registered new device driver usb
[    2.564898] PCI: Using ACPI for IRQ routing
[    2.567255] NetLabel: Initializing
[    2.569936] NetLabel:  domain hash size = 128
[    2.572548] NetLabel:  protocols = UNLABELED CIPSOv4
[    2.576019] NetLabel:  unlabeled traffic allowed by default
[    2.582474] amd_nb: Cannot enumerate AMD northbridges
[    2.584034] clocksource: Switched to clocksource kvm-clock
[    2.596249] AppArmor: AppArmor Filesystem Enabled
[  260835] pnp: PnP ACPI init
[   .751] np PP ACPI: found 3 devices

[  294316] clocksource: acpi_pm: mask: 0xffffff max_cycles: 0xffffff, max_idle_ns: 2085701024 ns
[  3.065300] NET: Registered protocol family 2

[    3.119969] TCP established hash table entries: 8192 (order: 4, 65536 bytes)
[  3.122177] TCP bind hash table entries: 8192 (order: 5, 131072 bytes)
[    3.176657] TCP: Hash tables configured (established 8192 bind 8192)
[    3.178816] UDP hash table entries: 512 (order: 2, 16384 bytes)
[    3.180845] UDP-Lite hash table entries: 512 (order: 2, 16384 bytes)
[  3.183626] NET: Registered protocol family 1
[  3.238380] pci 0000:00:00.0: Limiting direct PCI/PCI transfers
[  329175] pci 0000:00:01.0: Activating ISA DMA hang workarounds
[  30515] Unpacking initramfs...

[    3.901832] Freeing initrd memory: 14832K
[    3.903307] RAPL PMU detected, API unit is 2^-32 Joules, 3 fixed counters 10737418240 ms ovfl timer
[    3.927107] hw unit of domain pp0-core 2^-0 Joules
[    3.949824] hw unit of domain package 2^-0 Joules
[    3.951492] hw unit of domain pp1-gpu 2^-0 Joules
[    3.953082] clocksource: tsc: mask: 0xffffffffffffffff max_cycles: 0x23f4406cc0d, max_idle_ns: 440795293671 ns
[    3.982202] platform rtc_cmos: registered platform RTC device (no PNP device found)
[    4.016244] Scanning for low memory corruption every 60 seconds
[    4.018517] audit: initializing netlink subsys (disabled)
[    4.020097] audit: type=2000 audit(1569166845.211:1): initialized
[    4.036283] Initialise system trusted keyring
[    4.038375] HugeTLB registered 2 MB page size, pre-allocated 0 pages
[    4.041514] zbud: loaded
[    4.056007] VFS: Disk quotas dquot_6.6.0
[    4.064504] VFS: Dquot-cache hash table entries: 512 (order 0, 4096 bytes)
[    4.066706] squashfs: version 4.0 (2009/01/31) Phillip Lougher
[    4.085470] fuse init (API version 7.23)
[    4.099719] Key type big_key registered
[    4.115538] Allocating IMA MOK and blacklist keyrings.
[    4.118903] Key type asymmetric registered
[    4.120206] Asymmetric key parser 'x509' registered
[    4.121735] Block layer SCSI generic (bsg) driver version 0.4 loaded (major 249)
[    4.137554] io scheduler noop registered
[    4.146631] io scheduler deadline registered (default)
[    4.178561] io scheduler cfq registered
[    4.189712] pci_hotplug: PCI Hot Plug PCI Core version: 0.5
[    4.198927] pciehp: PCI Express Hot Plug Controller Driver version: 0.4
[    4.201409] ACPI: AC Adapter [AC] (on-line)
[    4.216382] input: Power Button as /devices/LNXSYSTM:00/LNXPWRBN:00/input/input0
[    4.226866] ACPI: Power Button [PWRF]
[    4.235486] input: Sleep Button as /devices/LNXSYSTM:00/LNXSLPBN:00/input/input1
[    4.254121] ACPI: Sleep Button [SLPF]
[    4.257042] ACPI: Battery Slot [BAT0] (battery present)
[    4.258615] GHES: HEST is not enabled!
[    4.259974] Serial: 8250/16550 driver, 32 ports, IRQ sharing enabled
[    4.289263] 00:02: ttyS0 at I/O 0x3f8 (irq = 4, base_baud = 115200) is a 16550A
[    4.299560] Linux agpgart interface v0.103
[    4.314299] loop: module loaded
[    4.316791] scsi host0: ata_piix
[    4.318026] scsi host1: ata_piix
[    4.319427] ata1: PATA max UDMA/33 cmd 0x1f0 ctl 0x3f6 bmdma 0xd000 irq 14
[    4.321374] ata2: PATA max UDMA/33 cmd 0x170 ctl 0x376 bmdma 0xd008 irq 15
[    4.327141] libphy: Fixed MDIO Bus: probed
[    4.328372] tun: Universal TUN/TAP device driver, 1.6
[    4.330058] tun: (C) 1999-2004 Max Krasnyansky <maxk@qualcomm.com>
[    4.331935] PPP generic driver version 2.4.2
[    4.345552] ehci_hcd: USB 2.0 'Enhanced' Host Controller (EHCI) Driver
[    4.347436] ehci-pci: EHCI PCI platform driver
[    4.349122] ehci-platform: EHCI generic platform driver
[    4.350608] ohci_hcd: USB 1.1 'Open' Host Controller (OHCI) Driver
[    4.352292] ohci-pci: OHCI PCI platform driver
[    4.355543] ohci-platform: OHCI generic platform driver
[    4.384766] uhci_hcd: USB Universal Host Controller Interface driver
[    4.386605] i8042: PNP: PS/2 Controller [PNP0303:PS2K,PNP0f03:PS2M] at 0x60,0x64 irq 1,12
[    4.400804] serio: i8042 KBD port at 0x60,0x64 irq 1
[    4.418815] serio: i8042 AUX port at 0x60,0x64 irq 12
[    4.426982] mousedev: PS/2 mouse device common for all mice
[    4.436922] input: AT Translated Set 2 keyboard as /devices/platform/i8042/serio0/input/input2
[    4.439476] rtc_cmos rtc_cmos: rtc core: registered rtc_cmos as rtc0
[    4.441488] rtc_cmos rtc_cmos: alarms up to one day, 114 bytes nvram
[    4.450705] i2c /dev entries driver
[    4.452243] device-mapper: uevent: version 1.0.3
[    4.455614] device-mapper: ioctl: 4.34.0-ioctl (2015-10-28) initialised: dm-devel@redhat.com
[    4.467256] ledtrig-cpu: registered to indicate activity on CPUs
[    4.470449] NET: Registered protocol family 10
[    4.472401] NET: Registered protocol family 17
[    4.475842] Key type dns_resolver registered
[    4.478867] registered taskstats version 1
[    4.482157] Loading compiled-in X.509 certificates
[    4.486889] Loaded X.509 cert 'Build time autogenerated kernel key: bdcb03bd89688fd1ecb3c1b37e77d69239145881'
[    4.506305] zswap: loaded using pool lzo/zbud
[    4.519568] Key type trusted registered
[    4.526558] Key type encrypted registered
[    4.545607] AppArmor: AppArmor sha1 policy hashing enabled
[    4.547969] ima: No TPM chip found, activating TPM-bypass!
[    4.556166] ima: Allocated hash algorithm: sha1
[    4.557932] evm: HMAC attrs: 0x1
[    4.559896]   Magic number: 3:396:690
[    4.576211] mem mem: hash matches
[    4.577686] rtc_cmos rtc_cmos: setting system clock to 2019-09-22 15:40:43 UTC (1569166843)
[    4.581007] BIOS EDD facility v0.16 2004-Jun-25, 0 devices found
[    4.582702] EDD information not available.
[    4.585790] Freeing unused kernel memory: 1488K
[    4.604155] Write protecting the kernel read-only data: 14336k
[    4.626400] Freeing unused kernel memory: 1608K
[    4.627958] Freeing unused kernel memory: 64K
Loading, please wait...
starting version 229
[    4.646313] random: systemd-udevd: uninitialized urandom read (16 bytes read, 3 bits of entropy available)
[    4.647600] random: udevadm: uninitialized urandom read (16 bytes read, 3 bits of entropy available)
[    4.647641] random: udevadm: uninitialized urandom read (16 bytes read, 3 bits of entropy available)
[    4.661454] random: udevadm: uninitialized urandom read (16 bytes read, 3 bits of entropy available)
[    4.661536] random: udevadm: uninitialized urandom read (16 bytes read, 3 bits of entropy available)
[    4.661836] random: udevadm: uninitialized urandom read (16 bytes read, 3 bits of entropy available)
[    4.661946] random: udevadm: uninitialized urandom read (16 bytes read, 3 bits of entropy available)
[    4.662024] random: udevadm: uninitialized urandom read (16 bytes read, 3 bits of entropy available)
[    4.662093] random: udevadm: uninitialized urandom read (16 bytes read, 3 bits of entropy available)
[    4.662158] random: udevadm: uninitialized urandom read (16 bytes read, 3 bits of entropy available)
[    4.807247] Fusion MPT base driver 3.04.20
[    4.886539] Copyright (c) 1999-2008 LSI Corporation
[    4.891710] e1000: Intel(R) PRO/1000 Network Driver - version 7.3.21-k8-NAPI
[    4.908669] e1000: Copyright (c) 1999-2006 Intel Corporation.
[    4.941664] Fusion MPT SPI Host driver 3.04.20
[    4.945458] mptbase: ioc0: Initiating bringup
[    4.956086] AVX version of gcm_enc/dec engaged.
[    4.957913] AES CTR mode by8 optimization enabled
[    5.015083] ioc0: LSI53C1030 A0: Capabilities={Initiator}
[    5.137469] input: ImExPS/2 Generic Explorer Mouse as /devices/platform/i8042/serio1/input/input4
[    6.327789] scsi host2: ioc0: LSI53C1030 A0, FwRev=00000000h, Ports=1, MaxQ=256, IRQ=20
[    7.406291] scsi 2:0:0:0: Direct-Access     VBOX     HARDDISK         1.0  PQ: 0 ANSI: 5
[    7.412700] scsi target2:0:0: Beginning Domain Validation
[    7.417226] scsi target2:0:0: Domain Validation skipping write tests
[    7.419563] scsi target2:0:0: Ending Domain Validation
[    7.428426] scsi target2:0:0: asynchronous
[    7.455222] scsi 2:0:1:0: Direct-Access     VBOX     HARDDISK         1.0  PQ: 0 ANSI: 5
[    7.492184] scsi target2:0:1: Beginning Domain Validation
[    7.507576] scsi target2:0:1: Domain Validation skipping write tests
[    7.509702] scsi target2:0:1: Ending Domain Validation
[    7.516658] scsi target2:0:1: asynchronous
[    7.537126] sd 2:0:0:0: Attached scsi generic sg0 type 0
[    7.538967] sd 2:0:0:0: [sda] 20971520 512-byte logical blocks: (10.7 GB/10.0 GiB)
[    7.542301] sd 2:0:1:0: [sdb] 20480 512-byte logical blocks: (10.5 MB/10.0 MiB)
[    7.544887] sd 2:0:1:0: Attached scsi generic sg1 type 0
[    7.546882] sd 2:0:0:0: [sda] Write Protect is off
[    7.548454] sd 2:0:1:0: [sdb] Write Protect is off
[    7.550073] sd 2:0:0:0: [sda] Incomplete mode parameter data
[    7.551750] sd 2:0:0:0: [sda] Assuming drive cache: write through
[    7.553547] sd 2:0:1:0: [sdb] Incomplete mode parameter data
[    7.555229] sd 2:0:1:0: [sdb] Assuming drive cache: write through
[    7.565377]  sda: sda1
[    7.567171] sd 2:0:0:0: [sda] Attached SCSI disk
[    7.569774] sd 2:0:1:0: [sdb] Attached SCSI disk
[    7.863066] e1000 0000:00:03.0 eth0: (PCI:33MHz:32-bit) 02:32:7c:93:db:e1
[    7.865646] e1000 0000:00:03.0 eth0: Intel(R) PRO/1000 Network Connection
[    7.877505] e1000 0000:00:03.0 enp0s3: renamed from eth0
Begin: Loading e[    9.259514] md: linear personality registered for level -1
ssential drivers ... [    9.263864] md: multipath personality registered for level -4
[    9.268864] md: raid0 personality registered for level 0
[    9.290201] md: raid1 personality registered for level 1
[    9.364128] raid6: sse2x1   gen()  7599 MB/s
[    9.432818] raid6: sse2x1   xor()  5674 MB/s
[    9.500198] raid6: sse2x2   gen()  7819 MB/s
[    9.572697] raid6: sse2x2   xor()  2219 MB/s
[    9.648604] raid6: sse2x4   gen()  8598 MB/s
[    9.716277] raid6: sse2x4   xor()  8005 MB/s
[    9.732444] raid6: using algorithm sse2x4 gen() 8598 MB/s
[    9.736637] raid6: .... xor() 8005 MB/s, rmw enabled
[    9.738641] raid6: using ssse3x2 recovery algorithm
[    9.741989] xor: automatically using best checksumming function:
[    9.784495]    avx       : 29068.000 MB/sec
[    9.799198] async_tx: api initialized (async)
[    9.816055] md: raid6 personality registered for level 6
[    9.817907] md: raid5 personality registered for level 5
[    9.819414] md: raid4 personality registered for level 4
[    9.834415] md: raid10 personality registered for level 10
done.
Begin: Running /scripts/init-premount ... done.
Begin: Mounting root file system ... Begin: Running /scripts/local-top ... done.
Begin: Running /scripts/local-premount ... [    9.873148] Btrfs loaded
Scanning for Btrfs filesystems
done.
Warning: fsck not present, so skipping root file system
[    9.920416] EXT4-fs (sda1): mounted filesystem with ordered data mode. Opts: (null)
done.
Begin: Running /scripts/local-bottom ... done.
Begin: Running /scripts/init-bottom ... done.
[   10.014928] systemd[1]: systemd 229 running in system mode. (+PAM +AUDIT +SELINUX +IMA +APPARMOR +SMACK +SYSVINIT +UTMP +LIBCRYPTSETUP +GCRYPT +GNUTLS +ACL +XZ -LZ4 +SECCOMP +BLKID +ELFUTILS +KMOD -IDN)
[   10.020740] systemd[1]: Detected virtualization oracle.
[   10.022229] systemd[1]: Detected architecture x86-64.

Welcome to [1mUbuntu 16.04.6 LTS[0m!

[   10.057274] systemd[1]: Set hostname to <ubuntu>.
[   10.062967] systemd[1]: Initializing machine ID from random generator.
[   10.068011] systemd[1]: Installed transient /etc/machine-id file.
[   10.212676] systemd[1]: Reached target User and Group Name Lookups.
[[0;32m  OK  [0m] Reached target User and Group Name Lookups.
[   10.233119] systemd[1]: Reached target Encrypted Volumes.
[[0;32m  OK  [0m] Reached target Encrypted Volumes.
[   10.240895] systemd[1]: Set up automount Arbitrary Executable File Formats File System Automount Point.
[[0;32m  OK  [0m] Set up automount Arbitrary Executab...ats File System Automount Point.
[   10.269576] systemd[1]: Listening on Device-mapper event daemon FIFOs.
[[0;32m  OK  [0m] Listening on Device-mapper event daemon FIFOs.
[   10.277430] systemd[1]: Reached target System Time Synchronized.
[[0;32m  OK  [0m] Reached target System Time Synchronized.
[   10.293357] systemd[1]: Listening on udev Control Socket.
[[0;32m  OK  [0m] Listening on udev Control Socket.
[   10.307335] systemd[1]: Reached target Swap.
[[0;32m  OK  [0m] Reached target Swap.
[   10.321230] systemd[1]: Created slice System Slice.
[[0;32m  OK  [0m] Created slice System Slice.
[   10.340509] systemd[1]: Listening on Journal Socket (/dev/log).
[[0;32m  OK  [0m] Listening on Journal Socket (/dev/log).
[   10.356926] systemd[1]: Listening on LVM2 poll daemon socket.
[[0;32m  OK  [0m] Listening on LVM2 poll daemon socket.
[   10.368832] systemd[1]: Started Forward Password Requests to Wall Directory Watch.
[[0;32m  OK  [0m] Started Forward Password Requests to Wall Directory Watch.
[   10.397326] systemd[1]: Listening on Journal Audit Socket.
[[0;32m  OK  [0m] Listening on Journal Audit Socket.
[   10.413111] systemd[1]: Listening on udev Kernel Socket.
[[0;32m  OK  [0m] Listening on udev Kernel Socket.
[   10.436162] systemd[1]: Listening on /dev/initctl Compatibility Named Pipe.
[[0;32m  OK  [0m] Listening on /dev/initctl Compatibility Named Pipe.
[   10.442228] systemd[1]: Started Trigger resolvconf update for networkd DNS.
[[0;32m  OK  [0m] Started Trigger resolvconf update for networkd DNS.
[   10.447345] systemd[1]: Created slice system-serial\x2dgetty.slice.
[[0;32m  OK  [0m] Created slice system-serial\x2dgetty.slice.
[   10.476368] systemd[1]: Listening on Journal Socket.
[[0;32m  OK  [0m] Listening on Journal Socket.
[   10.489048] systemd[1]: Starting Set console keymap...
         Starting Set console keymap...
[   10.494956] systemd[1]: Starting Uncomplicated firewall...
         Starting Uncomplicated firewall...
[   10.510930] systemd[1]: Starting Nameserver information manager...
         Starting Nameserver information manager...
[   10.516472] systemd[1]: Mounting POSIX Message Queue File System...
         Mounting POSIX Message Queue File System...
[   10.536405] systemd[1]: Starting Load Kernel Modules...
         Starting Load Kernel Modules...
[   10.542286] systemd[1]: Starting Remount Root and Kernel File Systems...
         Starting Remount Root and Kernel File Systems...[   10.550809] EXT4-fs (sda1): re-mounted. Opts: (null)

[   10.556209] systemd[1]: Created slice User and Session Slice.
[[0;32m  OK  [0[   10.560777] Loading iSCSI transport class v2.0-870.
m] Created slice User and Session S[   10.569237] iscsi: registered transport (tcp)
lice.
[   10.586308] systemd[1]: Reached target Slices.
[[0;32m  OK  [0m] Reached target Slices.
[   10.604791] systemd[1]: Starting Create list of required static device nodes for the current kernel...
         Starting Create list of required st... nodes for the current kernel...
[   10.611551] systemd[1]: Listening on Syslog Socket.
[[0;32m  OK  [0m] Listening on Syslog Socket.
[   10.616947] systemd[1]: Starting Journal Service...
         Starting Journal Service...
[   10.622364] systemd[1]: Listening on LVM2 metadata daemon socket.
[   10.759692] iscsi: registered transport (iser)
[[0;32m  OK  [0m] Listening on LVM2 metadata daemon socket.
[   10.778882] systemd[1]: Starting Monitoring of LVM2 mirrors, snapshots etc. using dmeventd or progress polling...
         Starting Monitoring of LVM2 mirrors... dmeventd or progress polling...
[   10.828535] systemd[1]: Mounting Huge Pages File System...
         Mounting Huge Pages File System...
[   10.851770] systemd[1]: Mounting Debug File System...
         Mounting Debug File System...
[   10.864991] systemd[1]: Mounted Huge Pages File System.
[[0;32m  OK  [0m] Mounted Huge Pages File System.
[   10.904676] systemd[1]: Mounted POSIX Message Queue File System.
[[0;32m  OK  [0m] Mounted POSIX Message Queue File System.
[   10.917164] systemd[1]: Mounted Debug File System.
[[0;32m  OK  [0m] Mounted Debug File System.
[   10.928636] systemd[1]: Started Journal Service.
[[0;32m  OK  [0m] Started Journal Service.
[[0;32m  OK  [0m] Started Set console keymap.
[[0;32m  OK  [0m] Started Uncomplicated firewall.
[[0;32m  OK  [0m] Started Load Kernel Modules.
[[0;32m  OK  [0m] Started Remount Root and Kernel File Systems.
[[0;32m  OK  [0m] Started Create list of required sta...ce nodes for the current kernel.
[[0;32m  OK  [0m] Started Nameserver information manager.
[[0;32m  OK  [0m] Started LVM2 metadata daemon.
         Starting Create Static Device Nodes in /dev...
         Starting Load/Save Random Seed...
         Starting udev Coldplug all Devices...
         Mounting FUSE Control File System...
         Starting Apply Kernel Variables...
         Starting Flush Journal to Persistent Storage...
[[0;32m  OK  [0m] Mounted FUSE Control File System.
[[0;32m  OK  [0m] Started Create Static Device Nodes in /dev.
[[0;32m  OK  [0m] Started Monitoring of LVM2 mirrors,...ng dmeventd or progress polling.
[[0;32m  OK  [0m] Started Load/Save Random Seed.
[[0;32m  OK  [0m] Started Apply Kernel Variables.
[[0;32m  OK  [0m] Started Flush Journal to Persistent Storage.
[[0;32m  OK  [0m] Started udev Coldplug all Devices.
         Starting udev Kernel Device Manager...
[[0;32m  OK  [0m] Reached target Local File Systems (Pre).
[[0;32m  OK  [0m] Reached target Local File Systems.
         Starting LSB: AppArmor initialization...
         Starting Commit a transient machine-id on disk...
         Starting Create Volatile Files and Directories...
         Starting Initial cloud-init job (pre-networking)...
         Starting Set console font and keymap...
         Starting Tell Plymouth To Write Out Runtime Data...
[[0;32m  OK  [0m] Started udev Kernel Device Manager.
[[0;32m  OK  [0m] Started Commit a transient machine-id on disk.
[[0;32m  OK  [0m] Started Create Volatile Files and Directories.
[[0;32m  OK  [0m] Started Tell Plymouth To Write Out Runtime Data.
         Starting Update UTMP about System Boot/Shutdown...
[[0;32m  OK  [0m] Started Dispatch Password Requests to Console Directory Watch.
[[0;32m  OK  [0m] Started Update UTMP about System Boot/Shutdown.
[[0;32m  OK  [0m] Found device /dev/ttyS0.
[[0;32m  OK  [0m] Listening on Load/Save RF Kill Switch Status /dev/rfkill Watch.
[[0;32m  OK  [0m] Started Set console font and keymap.
[[0;32m  OK  [0m] Created slice system-getty.slice.
[   11.458559] cloud-init[489]: Cloud-init v. 19.2-24-ge7881d5c-0ubuntu1~16.04.1 running 'init-local' at Sun, 22 Sep 2019 15:40:51 +0000. Up 10.76 seconds.
[[0;32m  OK  [0m] Started LSB: AppArmor initialization.
[[0;32m  OK  [0m] Started Initial cloud-init job (pre-networking).
[[0;32m  OK  [0m] Reached target Network (Pre).
         Starting Raise network interfaces...
[[0;32m  OK  [0m] Started Raise network interfaces.
         Starting Initial cloud-init job (metadata service crawler)...
[[0;32m  OK  [0m] Reached target Network.
[   13.095853] cloud-init[942]: Cloud-init v. 19.2-24-ge7881d5c-0ubuntu1~16.04.1 running 'init' at Sun, 22 Sep 2019 15:40:53 +0000. Up 12.51 seconds.
[   13.137411] cloud-init[942]: ci-info: ++++++++++++++++++++++++++++++++++++++Net device info++++++++++++++++++++++++++++++++++++++
[   13.147122] cloud-init[942]: ci-info: +--------+------+----------------------------+---------------+--------+-------------------+
[   13.187273] cloud-init[942]: ci-info: | Device |  Up  |          Address           |      Mask     | Scope  |     Hw-Address    |
[   13.187725] cloud-init[942]: ci-info: +--------+------+----------------------------+---------------+--------+-------------------+
[   13.188147] cloud-init[942]: ci-info: | enp0s3 | True |         10.0.2.15          | 255.255.255.0 | global | 02:32:7c:93:db:e1 |
[   13.188453] cloud-init[942]: ci-info: | enp0s3 | True | fe80::32:7cff:fe93:dbe1/64 |       .       |  link  | 02:32:7c:93:db:e1 |
[   13.188783] cloud-init[942]: ci-info: |   lo   | True |         127.0.0.1          |   255.0.0.0   |  host  |         .         |
[   13.189118] cloud-init[942]: ci-info: |   lo   | True |          ::1/128           |       .       |  host  |         .         |
[   13.189456] cloud-init[942]: ci-info: +--------+------+----------------------------+---------------+--------+-------------------+
[   13.189793] cloud-init[942]: ci-info: +++++++++++++++++++++++++++Route IPv4 info++++++++++++++++++++++++++++
[   13.190106] cloud-init[942]: ci-info: +-------+-------------+----------+---------------+-----------+-------+
[   13.190430] cloud-init[942]: ci-info: | Route | Destination | Gateway  |    Genmask    | Interface | Flags |
[   13.190753] cloud-init[942]: ci-info: +-------+-------------+----------+---------------+-----------+-------+
[   13.191118] cloud-init[942]: ci-info: |   0   |   0.0.0.0   | 10.0.2.2 |    0.0.0.0    |   enp0s3  |   UG  |
[   13.191454] cloud-init[942]: ci-info: |   1   |   10.0.2.0  | 0.0.0.0  | 255.255.255.0 |   enp0s3  |   U   |
[   13.191799] cloud-init[942]: ci-info: +-------+-------------+----------+---------------+-----------+-------+
[   13.192204] cloud-init[942]: ci-info: +++++++++++++++++++Route IPv6 info+++++++++++++++++++
[[0;32m  OK  [0m] Started Initial cloud-init job (metadata service crawler).
[   13.192511] cloud-init[942]: ci-info: +-------+-------------+---------+-----------+-------+
[   13.390301] cloud-init[942]: ci-info: | Route | Destination | Gateway | Interface | Flags |
[   13.390718] cloud-init[942]: ci-info: +-------+-------------+---------+-----------+-------+
[   13.393464] cloud-init[942]: ci-info: |   0   |  fe80::/64  |    ::   |   enp0s3  |   U   |
[[0;32m  OK  [0m] Reached target System Initialization.
         [   13.393937] cloud-init[942]: ci-info: |   3   |   ff00::/8  |    ::   |   enp0s3  |   U   |
[   13.431718] cloud-init[942]: ci-info: +-------+-------------+---------+-----------+-------+
[   13.434406] cloud-init[942]: Generating public/private rsa key pair.
[   13.436326] cloud-init[942]: Your identification has been saved in /etc/ssh/ssh_host_rsa_key.
Starting Socket activation for snappy daemon.
[[   13.439590] cloud-init[942]: Your public key has been saved in /etc/ssh/ssh_host_rsa_key.pub.
[   13.451612] cloud-init[942]: The key fingerprint is:
[   13.454295] cloud-init[942]: SHA256:sy482gZGkIMhDdqLtsq5fGULzh9vGm6Tv5sZ29OHvgw root@ubuntu-xenial
[   13.455045] cloud-init[942]: The key's randomart image is:
[   13.457776] cloud-init[942]: +---[RSA 2048]----+
[   13.458664] cloud-init[942]: |+= .             |
[   13.460197] cloud-init[942]: |+.=              |
[0;32m  OK  [0m] Started Daily Cleanup of Temporary Directories.
[[   13.460975] cloud-init[942]: |. .o             |
[   13.470464] cloud-init[942]: | . ..            |
[   13.470739] cloud-init[942]: |....    S        |
[   13.471044] cloud-init[942]: |. ..oo   o       |
[   13.471338] cloud-init[942]: | .o.+=o..E. .    |
[   13.471629] cloud-init[942]: |+ .+.*Oo*.oo .   |
[   13.471927] cloud-init[942]: |.=o +**@+.o+o    |
[   13.477581] cloud-init[942]: +----[SHA256]-----+
[   13.477735] cloud-init[942]: Generating public/private dsa key pair.
[   13.479162] cloud-init[942]: Your identification has been saved in /etc/ssh/ssh_host_dsa_key.
[   13.480925] cloud-init[942]: Your public key has been saved in /etc/ssh/ssh_host_dsa_key.pub.
[   13.482977] cloud-init[942]: The key fingerprint is:
[0;32m  OK  [0m] Listening on D-Bus System Message Bus Socket.
[   13.484404] cloud-init[942]: SHA256:eHI1JGTUuMkdh2MqDMJKJYuIhCEjtpbMnjrK0VB0P/k root@ubuntu-xenial
[   13.550850] cloud-init[942]: The key's randomart image is:
[   13.551443] cloud-init[942]: +---[DSA 1024]----+
[   13.554054] cloud-init[942]: |**.o . o=o..     |
[   13.554744] cloud-init[942]: |%oO o ..oo* .    |
[   13.556500] cloud-init[942]: |=O o o = *o+     |
[   13.557406] cloud-init[942]: |+ o   o.B...     |
[[0;32m  OK  [0m] Started ACPI Events Check.
[   13.558976] cloud-init[942]: | +    o.SE       |
[   13.570628] cloud-init[942]: |. o    +         |
[   13.571173] cloud-init[942]: |o. .             |
[[0;32m  OK  [0m] Reached target Paths.
[   13.572403] cloud-init[942]: |o..              |
[   13.645843] cloud-init[942]: |..               |
[[0;32m  OK  [0m] Listening on ACPID Listen Socket.
[   13.646220] cloud-init[942]: +----[SHA256]-----+
[   13.691994] cloud-init[942]: Generating public/private ecdsa key pair.
[[0;32m  OK  [0m] Started Daily apt download activities.
[[   13.692218] cloud-init[942]: Your identification has been saved in /etc/ssh/ssh_host_ecdsa_key.
[   13.717770] cloud-init[942]: Your public key has been saved in /etc/ssh/ssh_host_ecdsa_key.pub.
[0;32m  OK  [0m] Started Daily apt upgrade and clean activities.
[[   13.718897] cloud-init[942]: The key fingerprint is:
[   13.731876] cloud-init[942]: SHA256:BwRjJ8qpCp1TK/HGkhaayrJ2wbhw0j/pRFTcU1uRQmI root@ubuntu-xenial
[   13.733492] cloud-init[942]: The key's randomart image is:
[   13.734834] cloud-init[942]: +---[ECDSA 256]---+
[0;32m  OK  [0m] Reached target Timers.
[   13.735075] cloud-init[942]: |     .*oEoo oo   |
[   13.780637]          Starting LXD - unix socket.
[[0;32m  OK  [0m] Listening on UUID daemon activation socket.
cloud-init[942]: |   . =.*o..o.    |
[   13.828455] [cloud-init[0;32m  OK  [0m[942]: ] |  o *   ....     |Reached target Cloud-config availability.

[   13.829530] [[0;32m  OK  [0m] Reached target Network is Online.
cloud-init[942]: | + @ .   .       |
[   13.855509]          Starting iSCSI initiator daemon (iscsid)...
[[0;32m  OK  [0m] Listening on Socket activation for snappy daemon.
[[0;32m  OK  [0m] Listening on LXD - unix socket.
cloud-init[942]: |+.% *   S .      |
[   13.886220] cloud-init[942]: |*+oO     .       |
[   13.887994] cloud-init[942]: |=+..o.           |
[   13.888528] cloud-init[942]: |.+ o+            |
[[0;32m  OK  [0m] Reached target Sockets.
[   13.889624] cloud-init[942]: |o ....           |
[   13.903008] cloud-init[942]: +----[SHA256]-----+
[[0;32m  OK  [0m] Reached target Basic System.
[   13.903253] cloud-init[942]: Generating public/private ed25519 key pair.
[   13.924958] cloud-init[942]: Your identification has been saved in /etc/ssh/ssh_host_ed25519_key.
[   13.930462] cloud-init[942]: Your public key has been saved in /etc/ssh/ssh_host_ed25519_key.pub.
[   13.937587] cloud-init[942]: The key fingerprint is:
[   13.939532] cloud-init[942]: SHA256:uBmfuGVs7ajcWbFlvLiYpo3sWX091n5kuqSWBNpERfc root@ubuntu-xenial
[   13.946056] cloud-init[942]: The key's randomart image is:
[   13.946431] cloud-init         Starting Accounts Service...
         Starting LSB: MD monitoring daemon...
[942]: +--[ED25519 256]--+
[   13.965338] [[0;32m  OK  [0m] Started ACPI event daemon.
         Starting /etc/rc.local Compatibility...
         Starting Login Service...
[[0;32m  OK  [0m] Started Regular background program processing daemon.
         Starting Pollinate to seed the pseudo random number generator...
[[0;32m  OK  [0m] Started D-Bus System Message Bus.
cloud-init[942]: |           oo .  |
[   13.987368] cloud-init[942]: |          .  . . |
[   13.995498] cloud-init[942]: |         .      E|
[   13.998610] cloud-init[942]: |       .  o.     |
[   14.008481] cloud-init[942]: |      o S+..+    |
[   14.014611] cloud-init[942]: |       B.+.*.o .o|
[   14.016696] cloud-init[942]: |      + O *.o.=+.|
[   14.018844] cloud-init[942]: |     o @.B oo+.o.|
[   14.021679] cloud-init[942]: |     .X+B o.. ..o|
[   14.023811] cloud-init[942]: +----[SHA256]-----+
[[0;32m  OK  [0m] Started FUSE filesystem for LXC.
         Starting Virtualbox guest utils...
         Starting System Logging Service...
         Starting LXD - container startup/shutdown...
[[0;32m  OK  [0m] Started Deferred execution scheduler.
         Starting LSB: Record successful boot for GRUB...
         Starting Snappy daemon...
[[0;32m  OK  [0m] Started System Logging Service.
[[0;32m  OK  [0m] Started /etc/rc.local Compatibility.
[[0;32m  OK  [0m] Started iSCSI initiator daemon (iscsid).
[[0;32m  OK  [0m] Started LSB: MD monitoring daemon.
[[0;32m  OK  [0m] Started Login Service.
[[0;32m  OK  [0m] Started Unattended Upgrades Shutdown.
         Starting Authenticate and Authorize Users to Run Privileged Tasks...
         Starting Login to default iSCSI targets...
[[0;32m  OK  [0m] Started LXD - container startup/shutdown.
[[0;32m  OK  [0m] Started LSB: Record successful boot for GRUB.
[[0;32m  OK  [0m] Started Authenticate and Authorize Users to Run Privileged Tasks.
[[0;32m  OK  [0m] Started Accounts Service.
[[0;32m  OK  [0m] Started Virtualbox guest utils.
[[0;32m  OK  [0m] Started Login to default iSCSI targets.
[[0;32m  OK  [0m] Reached target Remote File Systems (Pre).
[[0;32m  OK  [0m] Reached target Remote File Systems.
         Starting Permit User Sessions...
         Starting LSB: daemon to balance interrupts for SMP systems...
         Starting LSB: Set the CPU Frequency Scaling governor to "ondemand"...
         Starting LSB: automatic crash report generation...
[[0;32m  OK  [0m] Started Permit User Sessions.
         Starting Terminate Plymouth Boot Screen...
         Starting Hold until boot process finishes up...
[[0;32m  OK  [0m] Started LSB: daemon to balance interrupts for SMP systems.
[[0;32m  OK  [0m] Started Terminate Plymouth Boot Screen.
[[0;32m  OK  [0m] Started Hold until boot process finishes up.
[[0;32m  OK  [0m] Started LSB: Set the CPU Frequency Scaling governor to "ondemand".
[[0;32m  OK  [0m] Started Getty on tty1.
         Starting Set console scheme...
[[0;32m  OK  [0m] Started Serial Getty on ttyS0.
[[0;32m  OK  [0m] Reached target Login Prompts.
[[0;32m  OK  [0m] Started Set console scheme.
[[0;32m  OK  [0m] Started LSB: automatic crash report generation.
[[0;32m  OK  [0m] Started Snappy daemon.
         Starting Wait until snapd is fully seeded...
[[0;32m  OK  [0m] Started Pollinate to seed the pseudo random number generator.
         Starting OpenBSD Secure Shell server...
[[0;32m  OK  [0m] Started OpenBSD Secure Shell server.
[[0;32m  OK  [0m] Created slice User Slice of vagrant.
         Starting User Manager for UID 1000...
[[0;32m  OK  [0m] Started Session 1 of user vagrant.
[[0;32m  OK  [0m] Started User Manager for UID 1000.
[   20.328507] cloud-init[1520]: Generating locales (this might take a while)...

Ubuntu 16.04.6 LTS ubuntu-xenial ttyS0

ubuntu-xenial login: [   21.817150] cloud-init[1520]:   en_US.UTF-8... done
[   21.821805] cloud-init[1520]: Generation complete.
[   22.228281] cloud-init[1520]: Cloud-init v. 19.2-24-ge7881d5c-0ubuntu1~16.04.1 running 'modules:config' at Sun, 22 Sep 2019 15:41:01 +0000. Up 20.15 seconds.
ci-info: no authorized ssh keys fingerprints found for user ubuntu.
<14>Sep 22 15:41:03 ec2: 
<14>Sep 22 15:41:03 ec2: #############################################################
<14>Sep 22 15:41:03 ec2: -----BEGIN SSH HOST KEY FINGERPRINTS-----
<14>Sep 22 15:41:03 ec2: 1024 SHA256:eHI1JGTUuMkdh2MqDMJKJYuIhCEjtpbMnjrK0VB0P/k root@ubuntu-xenial (DSA)
<14>Sep 22 15:41:03 ec2: 256 SHA256:BwRjJ8qpCp1TK/HGkhaayrJ2wbhw0j/pRFTcU1uRQmI root@ubuntu-xenial (ECDSA)
<14>Sep 22 15:41:03 ec2: 256 SHA256:uBmfuGVs7ajcWbFlvLiYpo3sWX091n5kuqSWBNpERfc root@ubuntu-xenial (ED25519)
<14>Sep 22 15:41:03 ec2: 2048 SHA256:sy482gZGkIMhDdqLtsq5fGULzh9vGm6Tv5sZ29OHvgw root@ubuntu-xenial (RSA)
<14>Sep 22 15:41:03 ec2: -----END SSH HOST KEY FINGERPRINTS-----
<14>Sep 22 15:41:03 ec2: #############################################################
-----BEGIN SSH HOST KEY KEYS-----
ecdsa-sha2-nistp256 AAAAE2VjZHNhLXNoYTItbmlzdHAyNTYAAAAIbmlzdHAyNTYAAABBBL3wPq/HlqG5v8QjbpEEGMCdNx7kp9KhqsRSV6ChIZkBWuQjVgT+TFVWQspukaKalM/9Q/ExhCCSbxKS1garpuI= root@ubuntu-xenial
ssh-ed25519 AAAAC3NzaC1lZDI1NTE5AAAAII/um8zoKiPiq/YR80OFbN8LtdLgEds4tDm3geI4lzk/ root@ubuntu-xenial
ssh-rsa AAAAB3NzaC1yc2EAAAADAQABAAABAQC2ltOkukZFRU+PkRozkmgAeKNhs4WbffpoKWQO8NkVH9cfSLegMTHE5Vj9o0JSUMsWQMJEp/38DZAnDDhHvwp4efZ2tq3DGnfMk0hqtm1OjjnK8I/fi74RhYU+lqbQC0FE4aqhCkl4svKbCkP+3q/LLL9DmVeMjDxciB3VPTJnJPTF1MdmTMK/lgXSBBscNHuZYKUIJJl+JJ2xI45ZtOcZVXsBpAQQhQ6kyUSSV3MaB052rHep6A98tQqBNa6+xtGUSmgoz1HdYmVwJcYrnckx4hUX9tOFG1vQLojmEmvsmFxvL4mdnxoPANR4RbT+dbaRkB4bns40nvGuE5LcK+tJ root@ubuntu-xenial
-----END SSH HOST KEY KEYS-----
[   22.815434] cloud-init[1710]: Cloud-init v. 19.2-24-ge7881d5c-0ubuntu1~16.04.1 running 'modules:final' at Sun, 22 Sep 2019 15:41:03 +0000. Up 22.65 seconds.
[   22.815676] cloud-init[1710]: ci-info: no authorized ssh keys fingerprints found for user ubuntu.
[   22.815818] cloud-init[1710]: Cloud-init v. 19.2-24-ge7881d5c-0ubuntu1~16.04.1 finished at Sun, 22 Sep 2019 15:41:03 +0000. Datasource DataSourceNoCloud [seed=/dev/sdb][dsmode=net].  Up 22.80 seconds
